
Debug/basic-io:     file format elf32-littlearm


Disassembly of section .text:

20000000 <startup>:
 *
 */
__attribute__((naked)) __attribute__((section (".start_section")) )
void startup ( void )
{
__asm__ volatile(" LDR R0,=0x2001C000\n");		/* set stack */
20000000:	4802      	ldr	r0, [pc, #8]	; (2000000c <startup+0xc>)
__asm__ volatile(" MOV SP,R0\n");
20000002:	4685      	mov	sp, r0
__asm__ volatile(" BL main\n");					/* call main */
20000004:	f000 f810 	bl	20000028 <main>
__asm__ volatile(".L1: B .L1\n");				/* never return */
20000008:	e7fe      	b.n	20000008 <startup+0x8>
}
2000000a:	46c0      	nop			; (mov r8, r8)
2000000c:	2001c000 	andcs	ip, r1, r0

20000010 <app_init>:

void app_init ( void )
{
20000010:	b580      	push	{r7, lr}
20000012:	af00      	add	r7, sp, #0
* ( (unsigned long *) 0x40020C00) = 0x00005555; 
20000014:	4b02      	ldr	r3, [pc, #8]	; (20000020 <app_init+0x10>)
20000016:	4a03      	ldr	r2, [pc, #12]	; (20000024 <app_init+0x14>)
20000018:	601a      	str	r2, [r3, #0]
}
2000001a:	46c0      	nop			; (mov r8, r8)
2000001c:	46bd      	mov	sp, r7
2000001e:	bd80      	pop	{r7, pc}
20000020:	40020c00 	andmi	r0, r2, r0, lsl #24
20000024:	00005555 	andeq	r5, r0, r5, asr r5

20000028 <main>:

void main(void)
{
20000028:	b580      	push	{r7, lr}
2000002a:	b082      	sub	sp, #8
2000002c:	af00      	add	r7, sp, #0
   unsigned char c;
   app_init();
2000002e:	f7ff ffef 	bl	20000010 <app_init>
   while(1){
        c = (unsigned char) *(( unsigned short *) 0x40021010);
20000032:	4b04      	ldr	r3, [pc, #16]	; (20000044 <main+0x1c>)
20000034:	881a      	ldrh	r2, [r3, #0]
20000036:	1dfb      	adds	r3, r7, #7
20000038:	701a      	strb	r2, [r3, #0]
        * ( (unsigned char *) 0x40020C14) = c;
2000003a:	4a03      	ldr	r2, [pc, #12]	; (20000048 <main+0x20>)
2000003c:	1dfb      	adds	r3, r7, #7
2000003e:	781b      	ldrb	r3, [r3, #0]
20000040:	7013      	strb	r3, [r2, #0]
        c = (unsigned char) *(( unsigned short *) 0x40021010);
20000042:	e7f6      	b.n	20000032 <main+0xa>
20000044:	40021010 	andmi	r1, r2, r0, lsl r0
20000048:	40020c14 	andmi	r0, r2, r4, lsl ip

Disassembly of section .debug_info:

00000000 <.debug_info>:
   0:	00000071 	andeq	r0, r0, r1, ror r0
   4:	00000004 	andeq	r0, r0, r4
   8:	01040000 	mrseq	r0, (UNDEF: 4)
   c:	0000000e 	andeq	r0, r0, lr
  10:	0000e60c 	andeq	lr, r0, ip, lsl #12
  14:	00009b00 	andeq	r9, r0, r0, lsl #22
	...
  24:	00e10200 	rsceq	r0, r1, r0, lsl #4
  28:	13010000 	movwne	r0, #4096	; 0x1000
  2c:	00002806 	andeq	r2, r0, r6, lsl #16
  30:	00002420 	andeq	r2, r0, r0, lsr #8
  34:	499c0100 	ldmibmi	ip, {r8}
  38:	03000000 	movweq	r0, #0
  3c:	15010063 	strne	r0, [r1, #-99]	; 0xffffff9d
  40:	00004912 	andeq	r4, r0, r2, lsl r9
  44:	77910200 	ldrvc	r0, [r1, r0, lsl #4]
  48:	08010400 	stmdaeq	r1, {sl}
  4c:	00000000 	andeq	r0, r0, r0
  50:	00009205 	andeq	r9, r0, r5, lsl #4
  54:	060e0100 	streq	r0, [lr], -r0, lsl #2
  58:	20000010 	andcs	r0, r0, r0, lsl r0
  5c:	00000018 	andeq	r0, r0, r8, lsl r0
  60:	8a059c01 	bhi	16706c <startup-0x1fe98f94>
  64:	01000000 	mrseq	r0, (UNDEF: 0)
  68:	00000606 	andeq	r0, r0, r6, lsl #12
  6c:	000c2000 	andeq	r2, ip, r0
  70:	9c010000 	stcls	0, cr0, [r1], {-0}
	...

Disassembly of section .debug_abbrev:

00000000 <.debug_abbrev>:
   0:	25011101 	strcs	r1, [r1, #-257]	; 0xfffffeff
   4:	030b130e 	movweq	r1, #45838	; 0xb30e
   8:	550e1b0e 	strpl	r1, [lr, #-2830]	; 0xfffff4f2
   c:	10011117 	andne	r1, r1, r7, lsl r1
  10:	02000017 	andeq	r0, r0, #23, 0
  14:	193f012e 	ldmdbne	pc!, {r1, r2, r3, r5, r8}	; <UNPREDICTABLE>
  18:	0b3a0e03 	bleq	e8382c <startup-0x1f17c7d4>
  1c:	0b390b3b 	bleq	e42d10 <startup-0x1f1bd2f0>
  20:	01111927 	tsteq	r1, r7, lsr #18
  24:	18400612 	stmdane	r0, {r1, r4, r9, sl}^
  28:	01194296 			; <UNDEFINED> instruction: 0x01194296
  2c:	03000013 	movweq	r0, #19
  30:	08030034 	stmdaeq	r3, {r2, r4, r5}
  34:	0b3b0b3a 	bleq	ec2d24 <startup-0x1f13d2dc>
  38:	13490b39 	movtne	r0, #39737	; 0x9b39
  3c:	00001802 	andeq	r1, r0, r2, lsl #16
  40:	0b002404 	bleq	9058 <startup-0x1fff6fa8>
  44:	030b3e0b 	movweq	r3, #48651	; 0xbe0b
  48:	0500000e 	streq	r0, [r0, #-14]
  4c:	193f002e 	ldmdbne	pc!, {r1, r2, r3, r5}	; <UNPREDICTABLE>
  50:	0b3a0e03 	bleq	e83864 <startup-0x1f17c79c>
  54:	0b390b3b 	bleq	e42d48 <startup-0x1f1bd2b8>
  58:	01111927 	tsteq	r1, r7, lsr #18
  5c:	18400612 	stmdane	r0, {r1, r4, r9, sl}^
  60:	00194297 	mulseq	r9, r7, r2
	...

Disassembly of section .debug_aranges:

00000000 <.debug_aranges>:
   0:	00000024 	andeq	r0, r0, r4, lsr #32
   4:	00000002 	andeq	r0, r0, r2
   8:	00040000 	andeq	r0, r4, r0
   c:	00000000 	andeq	r0, r0, r0
  10:	20000010 	andcs	r0, r0, r0, lsl r0
  14:	0000003c 	andeq	r0, r0, ip, lsr r0
  18:	20000000 	andcs	r0, r0, r0
  1c:	0000000c 	andeq	r0, r0, ip
	...

Disassembly of section .debug_ranges:

00000000 <.debug_ranges>:
   0:	20000010 	andcs	r0, r0, r0, lsl r0
   4:	2000004c 	andcs	r0, r0, ip, asr #32
   8:	20000000 	andcs	r0, r0, r0
   c:	2000000c 	andcs	r0, r0, ip
	...

Disassembly of section .debug_line:

00000000 <.debug_line>:
   0:	000000bf 	strheq	r0, [r0], -pc	; <UNPREDICTABLE>
   4:	00660003 	rsbeq	r0, r6, r3
   8:	01020000 	mrseq	r0, (UNDEF: 2)
   c:	000d0efb 	strdeq	r0, [sp], -fp
  10:	01010101 	tsteq	r1, r1, lsl #2
  14:	01000000 	mrseq	r0, (UNDEF: 0)
  18:	2f010000 	svccs	0x00010000
  1c:	72657355 	rsbvc	r7, r5, #1409286145	; 0x54000001
  20:	616a2f73 	smcvs	41715	; 0xa2f3
  24:	62626f63 	rsbvs	r6, r2, #396	; 0x18c
  28:	66677265 	strbtvs	r7, [r7], -r5, ror #4
  2c:	2f6b6c61 	svccs	0x006b6c61
  30:	6b736544 	blvs	1cd9548 <startup-0x1e326ab8>
  34:	2f706f74 	svccs	0x00706f74
  38:	72702d43 	rsbsvc	r2, r0, #4288	; 0x10c0
  3c:	6172676f 	cmnvs	r2, pc, ror #14
  40:	72656d6d 	rsbvc	r6, r5, #6976	; 0x1b40
  44:	2f676e69 	svccs	0x00676e69
  48:	6c706f6d 	ldclvs	15, cr6, [r0], #-436	; 0xfffffe4c
  4c:	726f6261 	rsbvc	r6, pc, #268435462	; 0x10000006
  50:	6f697461 	svcvs	0x00697461
  54:	2f72656e 	svccs	0x0072656e
  58:	69736162 	ldmdbvs	r3!, {r1, r5, r6, r8, sp, lr}^
  5c:	6f692d63 	svcvs	0x00692d63
  60:	74730000 	ldrbtvc	r0, [r3], #-0
  64:	75747261 	ldrbvc	r7, [r4, #-609]!	; 0xfffffd9f
  68:	00632e70 	rsbeq	r2, r3, r0, ror lr
  6c:	00000001 	andeq	r0, r0, r1
  70:	05000105 	streq	r0, [r0, #-261]	; 0xfffffefb
  74:	00000002 	andeq	r0, r0, r2
  78:	21131820 	tstcs	r3, r0, lsr #16
  7c:	02212f21 	eoreq	r2, r1, #132	; 0x84
  80:	01010003 	tsteq	r1, r3
  84:	05000105 	streq	r0, [r0, #-261]	; 0xfffffefb
  88:	00001002 	andeq	r1, r0, r2
  8c:	010e0320 	tsteq	lr, r0, lsr #6
  90:	2023052f 	eorcs	r0, r3, pc, lsr #10
  94:	772f0105 	strvc	r0, [pc, -r5, lsl #2]!
  98:	053e0405 	ldreq	r0, [lr, #-1029]!	; 0xfffffbfb
  9c:	0402001d 	streq	r0, [r2], #-29	; 0xffffffe3
  a0:	0b053001 	bleq	14c0ac <startup-0x1feb3f54>
  a4:	01040200 	mrseq	r0, R12_usr
  a8:	0009052e 	andeq	r0, r9, lr, lsr #10
  ac:	2f010402 	svccs	0x00010402
  b0:	02002b05 	andeq	r2, r0, #5120	; 0x1400
  b4:	05200104 	streq	r0, [r0, #-260]!	; 0xfffffefc
  b8:	0402000b 	streq	r0, [r2], #-11
  bc:	05023b01 	streq	r3, [r2, #-2817]	; 0xfffff4ff
  c0:	Address 0x00000000000000c0 is out of bounds.


Disassembly of section .debug_str:

00000000 <.debug_str>:
   0:	69736e75 	ldmdbvs	r3!, {r0, r2, r4, r5, r6, r9, sl, fp, sp, lr}^
   4:	64656e67 	strbtvs	r6, [r5], #-3687	; 0xfffff199
   8:	61686320 	cmnvs	r8, r0, lsr #6
   c:	4e470072 	mcrmi	0, 2, r0, cr7, cr2, {3}
  10:	39432055 	stmdbcc	r3, {r0, r2, r4, r6, sp}^
  14:	2e392039 	mrccs	0, 1, r2, cr9, cr9, {1}
  18:	20312e32 	eorscs	r2, r1, r2, lsr lr
  1c:	39313032 	ldmdbcc	r1!, {r1, r4, r5, ip, sp}
  20:	35323031 	ldrcc	r3, [r2, #-49]!	; 0xffffffcf
  24:	65722820 	ldrbvs	r2, [r2, #-2080]!	; 0xfffff7e0
  28:	7361656c 	cmnvc	r1, #108, 10	; 0x1b000000
  2c:	5b202965 	blpl	80a5c8 <startup-0x1f7f5a38>
  30:	2f4d5241 	svccs	0x004d5241
  34:	2d6d7261 	sfmcs	f7, 2, [sp, #-388]!	; 0xfffffe7c
  38:	72622d39 	rsbvc	r2, r2, #3648	; 0xe40
  3c:	68636e61 	stmdavs	r3!, {r0, r5, r6, r9, sl, fp, sp, lr}^
  40:	76657220 	strbtvc	r7, [r5], -r0, lsr #4
  44:	6f697369 	svcvs	0x00697369
  48:	3732206e 	ldrcc	r2, [r2, -lr, rrx]!
  4c:	39393537 	ldmdbcc	r9!, {r0, r1, r2, r4, r5, r8, sl, ip, sp}
  50:	6d2d205d 	stcvs	0, cr2, [sp, #-372]!	; 0xfffffe8c
  54:	6d756874 	ldclvs	8, cr6, [r5, #-464]!	; 0xfffffe30
  58:	6d2d2062 	stcvs	0, cr2, [sp, #-392]!	; 0xfffffe78
  5c:	616f6c66 	cmnvs	pc, r6, ror #24
  60:	62612d74 	rsbvs	r2, r1, #116, 26	; 0x1d00
  64:	6f733d69 	svcvs	0x00733d69
  68:	2d207466 	cfstrscs	mvf7, [r0, #-408]!	; 0xfffffe68
  6c:	6372616d 	cmnvs	r2, #1073741851	; 0x4000001b
  70:	72613d68 	rsbvc	r3, r1, #104, 26	; 0x1a00
  74:	2d36766d 	ldccs	6, cr7, [r6, #-436]!	; 0xfffffe4c
  78:	672d206d 	strvs	r2, [sp, -sp, rrx]!
  7c:	304f2d20 	subcc	r2, pc, r0, lsr #26
  80:	74732d20 	ldrbtvc	r2, [r3], #-3360	; 0xfffff2e0
  84:	39633d64 	stmdbcc	r3!, {r2, r5, r6, r8, sl, fp, ip, sp}^
  88:	74730039 	ldrbtvc	r0, [r3], #-57	; 0xffffffc7
  8c:	75747261 	ldrbvc	r7, [r4, #-609]!	; 0xfffffd9f
  90:	70610070 	rsbvc	r0, r1, r0, ror r0
  94:	6e695f70 	mcrvs	15, 3, r5, cr9, cr0, {3}
  98:	2f007469 	svccs	0x00007469
  9c:	72657355 	rsbvc	r7, r5, #1409286145	; 0x54000001
  a0:	616a2f73 	smcvs	41715	; 0xa2f3
  a4:	62626f63 	rsbvs	r6, r2, #396	; 0x18c
  a8:	66677265 	strbtvs	r7, [r7], -r5, ror #4
  ac:	2f6b6c61 	svccs	0x006b6c61
  b0:	6b736544 	blvs	1cd95c8 <startup-0x1e326a38>
  b4:	2f706f74 	svccs	0x00706f74
  b8:	72702d43 	rsbsvc	r2, r0, #4288	; 0x10c0
  bc:	6172676f 	cmnvs	r2, pc, ror #14
  c0:	72656d6d 	rsbvc	r6, r5, #6976	; 0x1b40
  c4:	2f676e69 	svccs	0x00676e69
  c8:	6c706f6d 	ldclvs	15, cr6, [r0], #-436	; 0xfffffe4c
  cc:	726f6261 	rsbvc	r6, pc, #268435462	; 0x10000006
  d0:	6f697461 	svcvs	0x00697461
  d4:	2f72656e 	svccs	0x0072656e
  d8:	69736162 	ldmdbvs	r3!, {r1, r5, r6, r8, sp, lr}^
  dc:	6f692d63 	svcvs	0x00692d63
  e0:	69616d00 	stmdbvs	r1!, {r8, sl, fp, sp, lr}^
  e4:	552f006e 	strpl	r0, [pc, #-110]!	; 7e <startup-0x1fffff82>
  e8:	73726573 	cmnvc	r2, #482344960	; 0x1cc00000
  ec:	63616a2f 	cmnvs	r1, #192512	; 0x2f000
  f0:	6562626f 	strbvs	r6, [r2, #-623]!	; 0xfffffd91
  f4:	61666772 	smcvs	26226	; 0x6672
  f8:	442f6b6c 	strtmi	r6, [pc], #-2924	; 100 <startup-0x1fffff00>
  fc:	746b7365 	strbtvc	r7, [fp], #-869	; 0xfffffc9b
 100:	432f706f 			; <UNDEFINED> instruction: 0x432f706f
 104:	6f72702d 	svcvs	0x0072702d
 108:	6d617267 	sfmvs	f7, 2, [r1, #-412]!	; 0xfffffe64
 10c:	6972656d 	ldmdbvs	r2!, {r0, r2, r3, r5, r6, r8, sl, sp, lr}^
 110:	6d2f676e 	stcvs	7, cr6, [pc, #-440]!	; ffffff60 <main+0xdfffff38>
 114:	616c706f 	cmnvs	ip, pc, rrx
 118:	61726f62 	cmnvs	r2, r2, ror #30
 11c:	6e6f6974 			; <UNDEFINED> instruction: 0x6e6f6974
 120:	622f7265 	eorvs	r7, pc, #1342177286	; 0x50000006
 124:	63697361 	cmnvs	r9, #-2080374783	; 0x84000001
 128:	2f6f692d 	svccs	0x006f692d
 12c:	72617473 	rsbvc	r7, r1, #1929379840	; 0x73000000
 130:	2e707574 	mrccs	5, 3, r7, cr0, cr4, {3}
 134:	Address 0x0000000000000134 is out of bounds.


Disassembly of section .comment:

00000000 <.comment>:
   0:	3a434347 	bcc	10d0d24 <startup-0x1ef2f2dc>
   4:	4e472820 	cdpmi	8, 4, cr2, cr7, cr0, {1}
   8:	6f542055 	svcvs	0x00542055
   c:	20736c6f 	rsbscs	r6, r3, pc, ror #24
  10:	20726f66 	rsbscs	r6, r2, r6, ror #30
  14:	206d7241 	rsbcs	r7, sp, r1, asr #4
  18:	65626d45 	strbvs	r6, [r2, #-3397]!	; 0xfffff2bb
  1c:	64656464 	strbtvs	r6, [r5], #-1124	; 0xfffffb9c
  20:	6f725020 	svcvs	0x00725020
  24:	73736563 	cmnvc	r3, #415236096	; 0x18c00000
  28:	2073726f 	rsbscs	r7, r3, pc, ror #4
  2c:	30322d39 	eorscc	r2, r2, r9, lsr sp
  30:	712d3931 			; <UNDEFINED> instruction: 0x712d3931
  34:	616d2d34 	cmnvs	sp, r4, lsr sp
  38:	29726f6a 	ldmdbcs	r2!, {r1, r3, r5, r6, r8, r9, sl, fp, sp, lr}^
  3c:	322e3920 	eorcc	r3, lr, #32, 18	; 0x80000
  40:	3220312e 	eorcc	r3, r0, #-2147483637	; 0x8000000b
  44:	31393130 	teqcc	r9, r0, lsr r1
  48:	20353230 	eorscs	r3, r5, r0, lsr r2
  4c:	6c657228 	sfmvs	f7, 2, [r5], #-160	; 0xffffff60
  50:	65736165 	ldrbvs	r6, [r3, #-357]!	; 0xfffffe9b
  54:	415b2029 	cmpmi	fp, r9, lsr #32
  58:	612f4d52 			; <UNDEFINED> instruction: 0x612f4d52
  5c:	392d6d72 	pushcc	{r1, r4, r5, r6, r8, sl, fp, sp, lr}
  60:	6172622d 	cmnvs	r2, sp, lsr #4
  64:	2068636e 	rsbcs	r6, r8, lr, ror #6
  68:	69766572 	ldmdbvs	r6!, {r1, r4, r5, r6, r8, sl, sp, lr}^
  6c:	6e6f6973 			; <UNDEFINED> instruction: 0x6e6f6973
  70:	37373220 	ldrcc	r3, [r7, -r0, lsr #4]!
  74:	5d393935 			; <UNDEFINED> instruction: 0x5d393935
	...

Disassembly of section .ARM.attributes:

00000000 <.ARM.attributes>:
   0:	00002a41 	andeq	r2, r0, r1, asr #20
   4:	61656100 	cmnvs	r5, r0, lsl #2
   8:	01006962 	tsteq	r0, r2, ror #18
   c:	00000020 	andeq	r0, r0, r0, lsr #32
  10:	4d2d3605 	stcmi	6, cr3, [sp, #-20]!	; 0xffffffec
  14:	070b0600 	streq	r0, [fp, -r0, lsl #12]
  18:	1201094d 	andne	r0, r1, #1261568	; 0x134000
  1c:	15011404 	strne	r1, [r1, #-1028]	; 0xfffffbfc
  20:	18031701 	stmdane	r3, {r0, r8, r9, sl, ip}
  24:	1a011901 	bne	46430 <startup-0x1ffb9bd0>
  28:	Address 0x0000000000000028 is out of bounds.


Disassembly of section .debug_frame:

00000000 <.debug_frame>:
   0:	0000000c 	andeq	r0, r0, ip
   4:	ffffffff 			; <UNDEFINED> instruction: 0xffffffff
   8:	7c020001 	stcvc	0, cr0, [r2], {1}
   c:	000d0c0e 	andeq	r0, sp, lr, lsl #24
  10:	0000000c 	andeq	r0, r0, ip
  14:	00000000 	andeq	r0, r0, r0
  18:	20000000 	andcs	r0, r0, r0
  1c:	0000000c 	andeq	r0, r0, ip
  20:	00000018 	andeq	r0, r0, r8, lsl r0
  24:	00000000 	andeq	r0, r0, r0
  28:	20000010 	andcs	r0, r0, r0, lsl r0
  2c:	00000018 	andeq	r0, r0, r8, lsl r0
  30:	87080e41 	strhi	r0, [r8, -r1, asr #28]
  34:	41018e02 	tstmi	r1, r2, lsl #28
  38:	0000070d 	andeq	r0, r0, sp, lsl #14
  3c:	0000001c 	andeq	r0, r0, ip, lsl r0
  40:	00000000 	andeq	r0, r0, r0
  44:	20000028 	andcs	r0, r0, r8, lsr #32
  48:	00000024 	andeq	r0, r0, r4, lsr #32
  4c:	87080e41 	strhi	r0, [r8, -r1, asr #28]
  50:	41018e02 	tstmi	r1, r2, lsl #28
  54:	0d41100e 	stcleq	0, cr1, [r1, #-56]	; 0xffffffc8
  58:	00000007 	andeq	r0, r0, r7
