
Debug/graphicdisplay:     file format elf32-littlearm


Disassembly of section .text:

20000000 <startup>:
} LINE, *PLINE;

__attribute__((naked)) __attribute__((section (".start_section")) )
void startup ( void )
{
__asm__ volatile(" LDR R0,=0x2001C000\n");		/* set stack */
20000000:	4802      	ldr	r0, [pc, #8]	; (2000000c <startup+0xc>)
__asm__ volatile(" MOV SP,R0\n");
20000002:	4685      	mov	sp, r0
__asm__ volatile(" BL main\n");					/* call main */
20000004:	f000 f822 	bl	2000004c <main>
__asm__ volatile(".L1: B .L1\n");				/* never return */
20000008:	e7fe      	b.n	20000008 <startup+0x8>
}
2000000a:	46c0      	nop			; (mov r8, r8)
2000000c:	2001c000 	andcs	ip, r1, r0

20000010 <graphic_initiallize>:

__attribute__((naked))
void graphic_initiallize(void) {
20000010:	4770dff0 			; <UNDEFINED> instruction: 0x4770dff0
    __asm__ volatile (" .HWORD 0xDFF0\n");
    __asm__ volatile (" BX LR\n");
}
20000014:	46c0      	nop			; (mov r8, r8)

20000016 <graphic_clear_screen>:

__attribute__((naked))
void graphic_clear_screen(void) {
20000016:	4770dff1 			; <UNDEFINED> instruction: 0x4770dff1
    __asm__ volatile (" .HWORD 0xDFF1\n");
    __asm__ volatile (" BX LR\n");
}
2000001a:	46c0      	nop			; (mov r8, r8)

2000001c <graphic_pixel_set>:

__attribute__((naked))
void graphic_pixel_set(int x, int y) {
2000001c:	4770dff2 			; <UNDEFINED> instruction: 0x4770dff2
    __asm__ volatile (" .HWORD 0xDFF2\n");
    __asm__ volatile (" BX LR\n");
}
20000020:	46c0      	nop			; (mov r8, r8)

20000022 <graphic_pixel_clear>:

__attribute__((naked))
void graphic_pixel_clear(int x, int y) {
20000022:	4770dff3 			; <UNDEFINED> instruction: 0x4770dff3
    __asm__ volatile (" .HWORD 0xDFF3\n");
    __asm__ volatile (" BX LR\n");
}
20000026:	46c0      	nop			; (mov r8, r8)

20000028 <init_app>:


void init_app( void ) {
20000028:	b580      	push	{r7, lr}
2000002a:	af00      	add	r7, sp, #0
    // starta klockor port D och E 
    *((unsigned long *) 0x40023830) = 0x18;
2000002c:	4b04      	ldr	r3, [pc, #16]	; (20000040 <init_app+0x18>)
2000002e:	2218      	movs	r2, #24
20000030:	601a      	str	r2, [r3, #0]
    *((unsigned long *) GPIO_E_MODER) = 0x00005555;
20000032:	4b04      	ldr	r3, [pc, #16]	; (20000044 <init_app+0x1c>)
20000034:	4a04      	ldr	r2, [pc, #16]	; (20000048 <init_app+0x20>)
20000036:	601a      	str	r2, [r3, #0]
}
20000038:	46c0      	nop			; (mov r8, r8)
2000003a:	46bd      	mov	sp, r7
2000003c:	bd80      	pop	{r7, pc}
2000003e:	46c0      	nop			; (mov r8, r8)
20000040:	40023830 	andmi	r3, r2, r0, lsr r8
20000044:	40021000 	andmi	r1, r2, r0
20000048:	00005555 	andeq	r5, r0, r5, asr r5

2000004c <main>:

void main(void)
{
2000004c:	b580      	push	{r7, lr}
2000004e:	b082      	sub	sp, #8
20000050:	af00      	add	r7, sp, #0
    int i;
    graphic_initiallize();
20000052:	f7ff ffdd 	bl	20000010 <graphic_initiallize>
    graphic_clear_screen();
20000056:	f7ff ffde 	bl	20000016 <graphic_clear_screen>
    
    for(i = 1; i <= 128; i++) {graphic_pixel_set(i, 10);}
2000005a:	2301      	movs	r3, #1
2000005c:	607b      	str	r3, [r7, #4]
2000005e:	e007      	b.n	20000070 <main+0x24>
20000060:	687b      	ldr	r3, [r7, #4]
20000062:	210a      	movs	r1, #10
20000064:	0018      	movs	r0, r3
20000066:	f7ff ffd9 	bl	2000001c <graphic_pixel_set>
2000006a:	687b      	ldr	r3, [r7, #4]
2000006c:	3301      	adds	r3, #1
2000006e:	607b      	str	r3, [r7, #4]
20000070:	687b      	ldr	r3, [r7, #4]
20000072:	2b80      	cmp	r3, #128	; 0x80
20000074:	ddf4      	ble.n	20000060 <main+0x14>
    for(i = 1; i <= 64; i++) {graphic_pixel_set(10, i);}
20000076:	2301      	movs	r3, #1
20000078:	607b      	str	r3, [r7, #4]
2000007a:	e007      	b.n	2000008c <main+0x40>
2000007c:	687b      	ldr	r3, [r7, #4]
2000007e:	0019      	movs	r1, r3
20000080:	200a      	movs	r0, #10
20000082:	f7ff ffcb 	bl	2000001c <graphic_pixel_set>
20000086:	687b      	ldr	r3, [r7, #4]
20000088:	3301      	adds	r3, #1
2000008a:	607b      	str	r3, [r7, #4]
2000008c:	687b      	ldr	r3, [r7, #4]
2000008e:	2b40      	cmp	r3, #64	; 0x40
20000090:	ddf4      	ble.n	2000007c <main+0x30>
    
    delay_milli(500);
20000092:	23fa      	movs	r3, #250	; 0xfa
20000094:	005b      	lsls	r3, r3, #1
20000096:	0018      	movs	r0, r3
20000098:	f000 f8e2 	bl	20000260 <delay_milli>
    for(i = 1; i <= 128; i++) {graphic_pixel_clear(i, 10);}
2000009c:	2301      	movs	r3, #1
2000009e:	607b      	str	r3, [r7, #4]
200000a0:	e007      	b.n	200000b2 <main+0x66>
200000a2:	687b      	ldr	r3, [r7, #4]
200000a4:	210a      	movs	r1, #10
200000a6:	0018      	movs	r0, r3
200000a8:	f7ff ffbb 	bl	20000022 <graphic_pixel_clear>
200000ac:	687b      	ldr	r3, [r7, #4]
200000ae:	3301      	adds	r3, #1
200000b0:	607b      	str	r3, [r7, #4]
200000b2:	687b      	ldr	r3, [r7, #4]
200000b4:	2b80      	cmp	r3, #128	; 0x80
200000b6:	ddf4      	ble.n	200000a2 <main+0x56>
    for(i = 1; i <= 64; i++) {graphic_pixel_clear(10, i);}
200000b8:	2301      	movs	r3, #1
200000ba:	607b      	str	r3, [r7, #4]
200000bc:	e007      	b.n	200000ce <main+0x82>
200000be:	687b      	ldr	r3, [r7, #4]
200000c0:	0019      	movs	r1, r3
200000c2:	200a      	movs	r0, #10
200000c4:	f7ff ffad 	bl	20000022 <graphic_pixel_clear>
200000c8:	687b      	ldr	r3, [r7, #4]
200000ca:	3301      	adds	r3, #1
200000cc:	607b      	str	r3, [r7, #4]
200000ce:	687b      	ldr	r3, [r7, #4]
200000d0:	2b40      	cmp	r3, #64	; 0x40
200000d2:	ddf4      	ble.n	200000be <main+0x72>
}
200000d4:	46c0      	nop			; (mov r8, r8)
200000d6:	46c0      	nop			; (mov r8, r8)
200000d8:	46bd      	mov	sp, r7
200000da:	b002      	add	sp, #8
200000dc:	bd80      	pop	{r7, pc}

200000de <draw_line>:

int draw_line(PLINE l){
200000de:	b580      	push	{r7, lr}
200000e0:	b08a      	sub	sp, #40	; 0x28
200000e2:	af00      	add	r7, sp, #0
200000e4:	6078      	str	r0, [r7, #4]
    
    int steep = 0, temp, deltax, deltay, error, y, ystep = -1;
200000e6:	2300      	movs	r3, #0
200000e8:	627b      	str	r3, [r7, #36]	; 0x24
200000ea:	2301      	movs	r3, #1
200000ec:	425b      	negs	r3, r3
200000ee:	623b      	str	r3, [r7, #32]
    
    if( abs(l->p1.y - l->p0.y) > abs(l->p1.x - l->p0.x)) steep = 1;
200000f0:	687b      	ldr	r3, [r7, #4]
200000f2:	78db      	ldrb	r3, [r3, #3]
200000f4:	001a      	movs	r2, r3
200000f6:	687b      	ldr	r3, [r7, #4]
200000f8:	785b      	ldrb	r3, [r3, #1]
200000fa:	1ad3      	subs	r3, r2, r3
200000fc:	17d9      	asrs	r1, r3, #31
200000fe:	185a      	adds	r2, r3, r1
20000100:	404a      	eors	r2, r1
20000102:	687b      	ldr	r3, [r7, #4]
20000104:	789b      	ldrb	r3, [r3, #2]
20000106:	0019      	movs	r1, r3
20000108:	687b      	ldr	r3, [r7, #4]
2000010a:	781b      	ldrb	r3, [r3, #0]
2000010c:	1acb      	subs	r3, r1, r3
2000010e:	17d9      	asrs	r1, r3, #31
20000110:	185b      	adds	r3, r3, r1
20000112:	404b      	eors	r3, r1
20000114:	429a      	cmp	r2, r3
20000116:	dd01      	ble.n	2000011c <draw_line+0x3e>
20000118:	2301      	movs	r3, #1
2000011a:	627b      	str	r3, [r7, #36]	; 0x24
    
    if( steep == 1) {
2000011c:	6a7b      	ldr	r3, [r7, #36]	; 0x24
2000011e:	2b01      	cmp	r3, #1
20000120:	d112      	bne.n	20000148 <draw_line+0x6a>
        swap(l->p0.x , l->p0.y);
20000122:	687b      	ldr	r3, [r7, #4]
20000124:	781b      	ldrb	r3, [r3, #0]
20000126:	001a      	movs	r2, r3
20000128:	687b      	ldr	r3, [r7, #4]
2000012a:	785b      	ldrb	r3, [r3, #1]
2000012c:	0019      	movs	r1, r3
2000012e:	0010      	movs	r0, r2
20000130:	f000 f865 	bl	200001fe <swap>
        swap(l->p1.x , l->p1.y);
20000134:	687b      	ldr	r3, [r7, #4]
20000136:	789b      	ldrb	r3, [r3, #2]
20000138:	001a      	movs	r2, r3
2000013a:	687b      	ldr	r3, [r7, #4]
2000013c:	78db      	ldrb	r3, [r3, #3]
2000013e:	0019      	movs	r1, r3
20000140:	0010      	movs	r0, r2
20000142:	f000 f85c 	bl	200001fe <swap>
20000146:	e011      	b.n	2000016c <draw_line+0x8e>

    } else {
        swap(l->p0.x , l->p1.x);
20000148:	687b      	ldr	r3, [r7, #4]
2000014a:	781b      	ldrb	r3, [r3, #0]
2000014c:	001a      	movs	r2, r3
2000014e:	687b      	ldr	r3, [r7, #4]
20000150:	789b      	ldrb	r3, [r3, #2]
20000152:	0019      	movs	r1, r3
20000154:	0010      	movs	r0, r2
20000156:	f000 f852 	bl	200001fe <swap>
        swap(l->p0.y , l->p1.y);
2000015a:	687b      	ldr	r3, [r7, #4]
2000015c:	785b      	ldrb	r3, [r3, #1]
2000015e:	001a      	movs	r2, r3
20000160:	687b      	ldr	r3, [r7, #4]
20000162:	78db      	ldrb	r3, [r3, #3]
20000164:	0019      	movs	r1, r3
20000166:	0010      	movs	r0, r2
20000168:	f000 f849 	bl	200001fe <swap>
    }
    
    deltax = l->p1.x - l->p0.x;
2000016c:	687b      	ldr	r3, [r7, #4]
2000016e:	789b      	ldrb	r3, [r3, #2]
20000170:	001a      	movs	r2, r3
20000172:	687b      	ldr	r3, [r7, #4]
20000174:	781b      	ldrb	r3, [r3, #0]
20000176:	1ad3      	subs	r3, r2, r3
20000178:	61bb      	str	r3, [r7, #24]
    deltay = abs(l->p1.y - l->p0.y);
2000017a:	687b      	ldr	r3, [r7, #4]
2000017c:	78db      	ldrb	r3, [r3, #3]
2000017e:	001a      	movs	r2, r3
20000180:	687b      	ldr	r3, [r7, #4]
20000182:	785b      	ldrb	r3, [r3, #1]
20000184:	1ad3      	subs	r3, r2, r3
20000186:	17da      	asrs	r2, r3, #31
20000188:	189b      	adds	r3, r3, r2
2000018a:	4053      	eors	r3, r2
2000018c:	617b      	str	r3, [r7, #20]
    error = 0;
2000018e:	2300      	movs	r3, #0
20000190:	613b      	str	r3, [r7, #16]
    
    y = l->p0.y;
20000192:	687b      	ldr	r3, [r7, #4]
20000194:	785b      	ldrb	r3, [r3, #1]
20000196:	60fb      	str	r3, [r7, #12]
    
    if(l->p0.y < l->p1.y) ystep = 1;
20000198:	687b      	ldr	r3, [r7, #4]
2000019a:	785a      	ldrb	r2, [r3, #1]
2000019c:	687b      	ldr	r3, [r7, #4]
2000019e:	78db      	ldrb	r3, [r3, #3]
200001a0:	429a      	cmp	r2, r3
200001a2:	d201      	bcs.n	200001a8 <draw_line+0xca>
200001a4:	2301      	movs	r3, #1
200001a6:	623b      	str	r3, [r7, #32]
    
    for(int x = l->p0.x; x < l->p1.x; x++) {
200001a8:	687b      	ldr	r3, [r7, #4]
200001aa:	781b      	ldrb	r3, [r3, #0]
200001ac:	61fb      	str	r3, [r7, #28]
200001ae:	e00a      	b.n	200001c6 <draw_line+0xe8>
        if( steep = 1) graphic_pixel_set(y,x);
200001b0:	2301      	movs	r3, #1
200001b2:	627b      	str	r3, [r7, #36]	; 0x24
200001b4:	69fa      	ldr	r2, [r7, #28]
200001b6:	68fb      	ldr	r3, [r7, #12]
200001b8:	0011      	movs	r1, r2
200001ba:	0018      	movs	r0, r3
200001bc:	f7ff ff2e 	bl	2000001c <graphic_pixel_set>
    for(int x = l->p0.x; x < l->p1.x; x++) {
200001c0:	69fb      	ldr	r3, [r7, #28]
200001c2:	3301      	adds	r3, #1
200001c4:	61fb      	str	r3, [r7, #28]
200001c6:	687b      	ldr	r3, [r7, #4]
200001c8:	789b      	ldrb	r3, [r3, #2]
200001ca:	001a      	movs	r2, r3
200001cc:	69fb      	ldr	r3, [r7, #28]
200001ce:	4293      	cmp	r3, r2
200001d0:	dbee      	blt.n	200001b0 <draw_line+0xd2>
        else graphic_pixel_set(x,y);
    }
    
    error += deltay;
200001d2:	693a      	ldr	r2, [r7, #16]
200001d4:	697b      	ldr	r3, [r7, #20]
200001d6:	18d3      	adds	r3, r2, r3
200001d8:	613b      	str	r3, [r7, #16]
    if( 2* error >= deltax) {
200001da:	693b      	ldr	r3, [r7, #16]
200001dc:	005b      	lsls	r3, r3, #1
200001de:	69ba      	ldr	r2, [r7, #24]
200001e0:	429a      	cmp	r2, r3
200001e2:	dc07      	bgt.n	200001f4 <draw_line+0x116>
        y += ystep;
200001e4:	68fa      	ldr	r2, [r7, #12]
200001e6:	6a3b      	ldr	r3, [r7, #32]
200001e8:	18d3      	adds	r3, r2, r3
200001ea:	60fb      	str	r3, [r7, #12]
        error -= deltax;
200001ec:	693a      	ldr	r2, [r7, #16]
200001ee:	69bb      	ldr	r3, [r7, #24]
200001f0:	1ad3      	subs	r3, r2, r3
200001f2:	613b      	str	r3, [r7, #16]
    }
    
}
200001f4:	46c0      	nop			; (mov r8, r8)
200001f6:	0018      	movs	r0, r3
200001f8:	46bd      	mov	sp, r7
200001fa:	b00a      	add	sp, #40	; 0x28
200001fc:	bd80      	pop	{r7, pc}

200001fe <swap>:

void swap(int x, int y) {
200001fe:	b580      	push	{r7, lr}
20000200:	b084      	sub	sp, #16
20000202:	af00      	add	r7, sp, #0
20000204:	6078      	str	r0, [r7, #4]
20000206:	6039      	str	r1, [r7, #0]
    int temp;
    temp = x;
20000208:	687b      	ldr	r3, [r7, #4]
2000020a:	60fb      	str	r3, [r7, #12]
    x = y;
2000020c:	683b      	ldr	r3, [r7, #0]
2000020e:	607b      	str	r3, [r7, #4]
    y = temp;
20000210:	68fb      	ldr	r3, [r7, #12]
20000212:	603b      	str	r3, [r7, #0]
}
20000214:	46c0      	nop			; (mov r8, r8)
20000216:	46bd      	mov	sp, r7
20000218:	b004      	add	sp, #16
2000021a:	bd80      	pop	{r7, pc}

2000021c <delay_250ns>:

void delay_250ns(void) {
2000021c:	b580      	push	{r7, lr}
2000021e:	af00      	add	r7, sp, #0
    
    /* SystemCoreClock = 168000000 */
    *STK_CTRL = 0;
20000220:	4b0c      	ldr	r3, [pc, #48]	; (20000254 <delay_250ns+0x38>)
20000222:	2200      	movs	r2, #0
20000224:	601a      	str	r2, [r3, #0]
    *STK_LOAD = ( (168/4) -1 );
20000226:	4b0c      	ldr	r3, [pc, #48]	; (20000258 <delay_250ns+0x3c>)
20000228:	2229      	movs	r2, #41	; 0x29
2000022a:	601a      	str	r2, [r3, #0]
    *STK_VAL = 0;
2000022c:	4b0b      	ldr	r3, [pc, #44]	; (2000025c <delay_250ns+0x40>)
2000022e:	2200      	movs	r2, #0
20000230:	601a      	str	r2, [r3, #0]
    *STK_CTRL = 5;
20000232:	4b08      	ldr	r3, [pc, #32]	; (20000254 <delay_250ns+0x38>)
20000234:	2205      	movs	r2, #5
20000236:	601a      	str	r2, [r3, #0]
    while( (*STK_CTRL & 0x10000 ) == 0 );
20000238:	46c0      	nop			; (mov r8, r8)
2000023a:	4b06      	ldr	r3, [pc, #24]	; (20000254 <delay_250ns+0x38>)
2000023c:	681a      	ldr	r2, [r3, #0]
2000023e:	2380      	movs	r3, #128	; 0x80
20000240:	025b      	lsls	r3, r3, #9
20000242:	4013      	ands	r3, r2
20000244:	d0f9      	beq.n	2000023a <delay_250ns+0x1e>
    *STK_CTRL = 0;
20000246:	4b03      	ldr	r3, [pc, #12]	; (20000254 <delay_250ns+0x38>)
20000248:	2200      	movs	r2, #0
2000024a:	601a      	str	r2, [r3, #0]
}
2000024c:	46c0      	nop			; (mov r8, r8)
2000024e:	46bd      	mov	sp, r7
20000250:	bd80      	pop	{r7, pc}
20000252:	46c0      	nop			; (mov r8, r8)
20000254:	e000e010 	and	lr, r0, r0, lsl r0
20000258:	e000e020 	and	lr, r0, r0, lsr #32
2000025c:	e000e030 	and	lr, r0, r0, lsr r0

20000260 <delay_milli>:

void delay_milli(unsigned int ms) {
20000260:	b580      	push	{r7, lr}
20000262:	b082      	sub	sp, #8
20000264:	af00      	add	r7, sp, #0
20000266:	6078      	str	r0, [r7, #4]
    
    #ifdef SIMULATOR
        ms = ms/1000;
20000268:	687b      	ldr	r3, [r7, #4]
2000026a:	22fa      	movs	r2, #250	; 0xfa
2000026c:	0091      	lsls	r1, r2, #2
2000026e:	0018      	movs	r0, r3
20000270:	f000 f83a 	bl	200002e8 <__udivsi3>
20000274:	0003      	movs	r3, r0
20000276:	607b      	str	r3, [r7, #4]
        ms++;
20000278:	687b      	ldr	r3, [r7, #4]
2000027a:	3301      	adds	r3, #1
2000027c:	607b      	str	r3, [r7, #4]
    #endif
    
    ms *= 1000;
2000027e:	687a      	ldr	r2, [r7, #4]
20000280:	0013      	movs	r3, r2
20000282:	015b      	lsls	r3, r3, #5
20000284:	1a9b      	subs	r3, r3, r2
20000286:	009b      	lsls	r3, r3, #2
20000288:	189b      	adds	r3, r3, r2
2000028a:	00db      	lsls	r3, r3, #3
2000028c:	607b      	str	r3, [r7, #4]
    
    while( ms > 0 )
2000028e:	e00a      	b.n	200002a6 <delay_milli+0x46>
    {
        
    delay_250ns(); 
20000290:	f7ff ffc4 	bl	2000021c <delay_250ns>
    delay_250ns();
20000294:	f7ff ffc2 	bl	2000021c <delay_250ns>
    delay_250ns();
20000298:	f7ff ffc0 	bl	2000021c <delay_250ns>
    delay_250ns();
2000029c:	f7ff ffbe 	bl	2000021c <delay_250ns>
    ms--;
200002a0:	687b      	ldr	r3, [r7, #4]
200002a2:	3b01      	subs	r3, #1
200002a4:	607b      	str	r3, [r7, #4]
    while( ms > 0 )
200002a6:	687b      	ldr	r3, [r7, #4]
200002a8:	2b00      	cmp	r3, #0
200002aa:	d1f1      	bne.n	20000290 <delay_milli+0x30>
    }
}
200002ac:	46c0      	nop			; (mov r8, r8)
200002ae:	46c0      	nop			; (mov r8, r8)
200002b0:	46bd      	mov	sp, r7
200002b2:	b002      	add	sp, #8
200002b4:	bd80      	pop	{r7, pc}

200002b6 <delay_mikro>:

void delay_mikro(unsigned int us) {
200002b6:	b580      	push	{r7, lr}
200002b8:	b082      	sub	sp, #8
200002ba:	af00      	add	r7, sp, #0
200002bc:	6078      	str	r0, [r7, #4]
    
    while( us > 0 ) {
200002be:	e00a      	b.n	200002d6 <delay_mikro+0x20>
    
    delay_250ns();
200002c0:	f7ff ffac 	bl	2000021c <delay_250ns>
    delay_250ns();
200002c4:	f7ff ffaa 	bl	2000021c <delay_250ns>
    delay_250ns();
200002c8:	f7ff ffa8 	bl	2000021c <delay_250ns>
    delay_250ns();
200002cc:	f7ff ffa6 	bl	2000021c <delay_250ns>
    us--;
200002d0:	687b      	ldr	r3, [r7, #4]
200002d2:	3b01      	subs	r3, #1
200002d4:	607b      	str	r3, [r7, #4]
    while( us > 0 ) {
200002d6:	687b      	ldr	r3, [r7, #4]
200002d8:	2b00      	cmp	r3, #0
200002da:	d1f1      	bne.n	200002c0 <delay_mikro+0xa>
    }
200002dc:	46c0      	nop			; (mov r8, r8)
200002de:	46c0      	nop			; (mov r8, r8)
200002e0:	46bd      	mov	sp, r7
200002e2:	b002      	add	sp, #8
200002e4:	bd80      	pop	{r7, pc}
200002e6:	46c0      	nop			; (mov r8, r8)

200002e8 <__udivsi3>:
200002e8:	2200      	movs	r2, #0
200002ea:	0843      	lsrs	r3, r0, #1
200002ec:	428b      	cmp	r3, r1
200002ee:	d374      	bcc.n	200003da <__udivsi3+0xf2>
200002f0:	0903      	lsrs	r3, r0, #4
200002f2:	428b      	cmp	r3, r1
200002f4:	d35f      	bcc.n	200003b6 <__udivsi3+0xce>
200002f6:	0a03      	lsrs	r3, r0, #8
200002f8:	428b      	cmp	r3, r1
200002fa:	d344      	bcc.n	20000386 <__udivsi3+0x9e>
200002fc:	0b03      	lsrs	r3, r0, #12
200002fe:	428b      	cmp	r3, r1
20000300:	d328      	bcc.n	20000354 <__udivsi3+0x6c>
20000302:	0c03      	lsrs	r3, r0, #16
20000304:	428b      	cmp	r3, r1
20000306:	d30d      	bcc.n	20000324 <__udivsi3+0x3c>
20000308:	22ff      	movs	r2, #255	; 0xff
2000030a:	0209      	lsls	r1, r1, #8
2000030c:	ba12      	rev	r2, r2
2000030e:	0c03      	lsrs	r3, r0, #16
20000310:	428b      	cmp	r3, r1
20000312:	d302      	bcc.n	2000031a <__udivsi3+0x32>
20000314:	1212      	asrs	r2, r2, #8
20000316:	0209      	lsls	r1, r1, #8
20000318:	d065      	beq.n	200003e6 <__udivsi3+0xfe>
2000031a:	0b03      	lsrs	r3, r0, #12
2000031c:	428b      	cmp	r3, r1
2000031e:	d319      	bcc.n	20000354 <__udivsi3+0x6c>
20000320:	e000      	b.n	20000324 <__udivsi3+0x3c>
20000322:	0a09      	lsrs	r1, r1, #8
20000324:	0bc3      	lsrs	r3, r0, #15
20000326:	428b      	cmp	r3, r1
20000328:	d301      	bcc.n	2000032e <__udivsi3+0x46>
2000032a:	03cb      	lsls	r3, r1, #15
2000032c:	1ac0      	subs	r0, r0, r3
2000032e:	4152      	adcs	r2, r2
20000330:	0b83      	lsrs	r3, r0, #14
20000332:	428b      	cmp	r3, r1
20000334:	d301      	bcc.n	2000033a <__udivsi3+0x52>
20000336:	038b      	lsls	r3, r1, #14
20000338:	1ac0      	subs	r0, r0, r3
2000033a:	4152      	adcs	r2, r2
2000033c:	0b43      	lsrs	r3, r0, #13
2000033e:	428b      	cmp	r3, r1
20000340:	d301      	bcc.n	20000346 <__udivsi3+0x5e>
20000342:	034b      	lsls	r3, r1, #13
20000344:	1ac0      	subs	r0, r0, r3
20000346:	4152      	adcs	r2, r2
20000348:	0b03      	lsrs	r3, r0, #12
2000034a:	428b      	cmp	r3, r1
2000034c:	d301      	bcc.n	20000352 <__udivsi3+0x6a>
2000034e:	030b      	lsls	r3, r1, #12
20000350:	1ac0      	subs	r0, r0, r3
20000352:	4152      	adcs	r2, r2
20000354:	0ac3      	lsrs	r3, r0, #11
20000356:	428b      	cmp	r3, r1
20000358:	d301      	bcc.n	2000035e <__udivsi3+0x76>
2000035a:	02cb      	lsls	r3, r1, #11
2000035c:	1ac0      	subs	r0, r0, r3
2000035e:	4152      	adcs	r2, r2
20000360:	0a83      	lsrs	r3, r0, #10
20000362:	428b      	cmp	r3, r1
20000364:	d301      	bcc.n	2000036a <__udivsi3+0x82>
20000366:	028b      	lsls	r3, r1, #10
20000368:	1ac0      	subs	r0, r0, r3
2000036a:	4152      	adcs	r2, r2
2000036c:	0a43      	lsrs	r3, r0, #9
2000036e:	428b      	cmp	r3, r1
20000370:	d301      	bcc.n	20000376 <__udivsi3+0x8e>
20000372:	024b      	lsls	r3, r1, #9
20000374:	1ac0      	subs	r0, r0, r3
20000376:	4152      	adcs	r2, r2
20000378:	0a03      	lsrs	r3, r0, #8
2000037a:	428b      	cmp	r3, r1
2000037c:	d301      	bcc.n	20000382 <__udivsi3+0x9a>
2000037e:	020b      	lsls	r3, r1, #8
20000380:	1ac0      	subs	r0, r0, r3
20000382:	4152      	adcs	r2, r2
20000384:	d2cd      	bcs.n	20000322 <__udivsi3+0x3a>
20000386:	09c3      	lsrs	r3, r0, #7
20000388:	428b      	cmp	r3, r1
2000038a:	d301      	bcc.n	20000390 <__udivsi3+0xa8>
2000038c:	01cb      	lsls	r3, r1, #7
2000038e:	1ac0      	subs	r0, r0, r3
20000390:	4152      	adcs	r2, r2
20000392:	0983      	lsrs	r3, r0, #6
20000394:	428b      	cmp	r3, r1
20000396:	d301      	bcc.n	2000039c <__udivsi3+0xb4>
20000398:	018b      	lsls	r3, r1, #6
2000039a:	1ac0      	subs	r0, r0, r3
2000039c:	4152      	adcs	r2, r2
2000039e:	0943      	lsrs	r3, r0, #5
200003a0:	428b      	cmp	r3, r1
200003a2:	d301      	bcc.n	200003a8 <__udivsi3+0xc0>
200003a4:	014b      	lsls	r3, r1, #5
200003a6:	1ac0      	subs	r0, r0, r3
200003a8:	4152      	adcs	r2, r2
200003aa:	0903      	lsrs	r3, r0, #4
200003ac:	428b      	cmp	r3, r1
200003ae:	d301      	bcc.n	200003b4 <__udivsi3+0xcc>
200003b0:	010b      	lsls	r3, r1, #4
200003b2:	1ac0      	subs	r0, r0, r3
200003b4:	4152      	adcs	r2, r2
200003b6:	08c3      	lsrs	r3, r0, #3
200003b8:	428b      	cmp	r3, r1
200003ba:	d301      	bcc.n	200003c0 <__udivsi3+0xd8>
200003bc:	00cb      	lsls	r3, r1, #3
200003be:	1ac0      	subs	r0, r0, r3
200003c0:	4152      	adcs	r2, r2
200003c2:	0883      	lsrs	r3, r0, #2
200003c4:	428b      	cmp	r3, r1
200003c6:	d301      	bcc.n	200003cc <__udivsi3+0xe4>
200003c8:	008b      	lsls	r3, r1, #2
200003ca:	1ac0      	subs	r0, r0, r3
200003cc:	4152      	adcs	r2, r2
200003ce:	0843      	lsrs	r3, r0, #1
200003d0:	428b      	cmp	r3, r1
200003d2:	d301      	bcc.n	200003d8 <__udivsi3+0xf0>
200003d4:	004b      	lsls	r3, r1, #1
200003d6:	1ac0      	subs	r0, r0, r3
200003d8:	4152      	adcs	r2, r2
200003da:	1a41      	subs	r1, r0, r1
200003dc:	d200      	bcs.n	200003e0 <__udivsi3+0xf8>
200003de:	4601      	mov	r1, r0
200003e0:	4152      	adcs	r2, r2
200003e2:	4610      	mov	r0, r2
200003e4:	4770      	bx	lr
200003e6:	e7ff      	b.n	200003e8 <__udivsi3+0x100>
200003e8:	b501      	push	{r0, lr}
200003ea:	2000      	movs	r0, #0
200003ec:	f000 f806 	bl	200003fc <__aeabi_idiv0>
200003f0:	bd02      	pop	{r1, pc}
200003f2:	46c0      	nop			; (mov r8, r8)

200003f4 <__aeabi_uidivmod>:
200003f4:	2900      	cmp	r1, #0
200003f6:	d0f7      	beq.n	200003e8 <__udivsi3+0x100>
200003f8:	e776      	b.n	200002e8 <__udivsi3>
200003fa:	4770      	bx	lr

200003fc <__aeabi_idiv0>:
200003fc:	4770      	bx	lr
200003fe:	46c0      	nop			; (mov r8, r8)

Disassembly of section .debug_info:

00000000 <.debug_info>:
   0:	00000bf3 	strdeq	r0, [r0], -r3
   4:	00000004 	andeq	r0, r0, r4
   8:	01040000 	mrseq	r0, (UNDEF: 4)
   c:	000004b1 			; <UNDEFINED> instruction: 0x000004b1
  10:	0005700c 	andeq	r7, r5, ip
  14:	00022500 	andeq	r2, r2, r0, lsl #10
	...
  24:	05040200 	streq	r0, [r4, #-512]	; 0xfffffe00
  28:	00746e69 	rsbseq	r6, r4, r9, ror #28
  2c:	61070403 	tstvs	r7, r3, lsl #8
  30:	03000000 	movweq	r0, #0
  34:	03320601 	teqeq	r2, #1048576	; 0x100000
  38:	01030000 	mrseq	r0, (UNDEF: 3)
  3c:	00033008 	andeq	r3, r3, r8
  40:	05020300 	streq	r0, [r2, #-768]	; 0xfffffd00
  44:	0000034c 	andeq	r0, r0, ip, asr #6
  48:	d0070203 	andle	r0, r7, r3, lsl #4
  4c:	03000001 	movweq	r0, #1
  50:	009f0504 	addseq	r0, pc, r4, lsl #10
  54:	04030000 	streq	r0, [r3], #-0
  58:	00005c07 	andeq	r5, r0, r7, lsl #24
  5c:	05080300 	streq	r0, [r8, #-768]	; 0xfffffd00
  60:	0000009a 	muleq	r0, sl, r0
  64:	57070803 	strpl	r0, [r7, -r3, lsl #16]
  68:	04000000 	streq	r0, [r0], #-0
  6c:	0000027f 	andeq	r0, r0, pc, ror r2
  70:	77192202 	ldrvc	r2, [r9, -r2, lsl #4]
  74:	05000000 	streq	r0, [r0, #-0]
  78:	00007d04 	andeq	r7, r0, r4, lsl #26
  7c:	040f0600 	streq	r0, [pc], #-1536	; 84 <startup-0x1fffff7c>
  80:	00040000 	andeq	r0, r4, r0
  84:	03000003 	movweq	r0, #3
  88:	004f0e2c 	subeq	r0, pc, ip, lsr #28
  8c:	24040000 	strcs	r0, [r4], #-0
  90:	03000004 	movweq	r0, #4
  94:	004f0e72 	subeq	r0, pc, r2, ror lr	; <UNPREDICTABLE>
  98:	87070000 	strhi	r0, [r7, -r0]
  9c:	04000002 	streq	r0, [r0], #-2
  a0:	2c17015e 	ldfcss	f0, [r7], {94}	; 0x5e
  a4:	08000000 	stmdaeq	r0, {}	; <UNPREDICTABLE>
  a8:	03a60304 			; <UNDEFINED> instruction: 0x03a60304
  ac:	000000c9 	andeq	r0, r0, r9, asr #1
  b0:	00027909 	andeq	r7, r2, r9, lsl #18
  b4:	0ca80300 	stceq	3, cr0, [r8]
  b8:	0000009a 	muleq	r0, sl, r0
  bc:	00019809 	andeq	r9, r1, r9, lsl #16
  c0:	13a90300 			; <UNDEFINED> instruction: 0x13a90300
  c4:	000000c9 	andeq	r0, r0, r9, asr #1
  c8:	003a0a00 	eorseq	r0, sl, r0, lsl #20
  cc:	00d90000 	sbcseq	r0, r9, r0
  d0:	2c0b0000 	stccs	0, cr0, [fp], {-0}
  d4:	03000000 	movweq	r0, #0
  d8:	03080c00 	movweq	r0, #35840	; 0x8c00
  dc:	00fd09a3 	rscseq	r0, sp, r3, lsr #19
  e0:	070d0000 	streq	r0, [sp, -r0]
  e4:	03000004 	movweq	r0, #4
  e8:	002507a5 	eoreq	r0, r5, r5, lsr #15
  ec:	0d000000 	stceq	0, cr0, [r0, #-0]
  f0:	00000416 	andeq	r0, r0, r6, lsl r4
  f4:	a705aa03 	strge	sl, [r5, -r3, lsl #20]
  f8:	04000000 	streq	r0, [r0], #-0
  fc:	03890400 	orreq	r0, r9, #0, 8
 100:	ab030000 	blge	c0108 <startup-0x1ff3fef8>
 104:	0000d903 	andeq	sp, r0, r3, lsl #18
 108:	015b0400 	cmpeq	fp, r0, lsl #8
 10c:	af030000 	svcge	0x00030000
 110:	00006b1b 	andeq	r6, r0, fp, lsl fp
 114:	05040e00 	streq	r0, [r4, #-3584]	; 0xfffff200
 118:	00011d04 	andeq	r1, r1, r4, lsl #26
 11c:	08010300 	stmdaeq	r1, {r8, r9}
 120:	00000339 	andeq	r0, r0, r9, lsr r3
 124:	00011d0f 	andeq	r1, r1, pc, lsl #26
 128:	04670400 	strbteq	r0, [r7], #-1024	; 0xfffffc00
 12c:	16050000 	strne	r0, [r5], -r0
 130:	00005619 	andeq	r5, r0, r9, lsl r6
 134:	016c1000 	cmneq	ip, r0
 138:	05180000 	ldreq	r0, [r8, #-0]
 13c:	018f082f 	orreq	r0, pc, pc, lsr #16
 140:	aa0d0000 	bge	340148 <startup-0x1fcbfeb8>
 144:	05000003 	streq	r0, [r0, #-3]
 148:	018f1331 	orreq	r1, pc, r1, lsr r3	; <UNPREDICTABLE>
 14c:	11000000 	mrsne	r0, (UNDEF: 0)
 150:	05006b5f 	streq	r6, [r0, #-2911]	; 0xfffff4a1
 154:	00250732 	eoreq	r0, r5, r2, lsr r7
 158:	0d040000 	stceq	0, cr0, [r4, #-0]
 15c:	000003f2 	strdeq	r0, [r0], -r2
 160:	250b3205 	strcs	r3, [fp, #-517]	; 0xfffffdfb
 164:	08000000 	stmdaeq	r0, {}	; <UNPREDICTABLE>
 168:	0001550d 	andeq	r5, r1, sp, lsl #10
 16c:	14320500 	ldrtne	r0, [r2], #-1280	; 0xfffffb00
 170:	00000025 	andeq	r0, r0, r5, lsr #32
 174:	049c0d0c 	ldreq	r0, [ip], #3340	; 0xd0c
 178:	32050000 	andcc	r0, r5, #0, 0
 17c:	0000251b 	andeq	r2, r0, fp, lsl r5
 180:	5f111000 	svcpl	0x00111000
 184:	33050078 	movwcc	r0, #20600	; 0x5078
 188:	0001950b 	andeq	r9, r1, fp, lsl #10
 18c:	05001400 	streq	r1, [r0, #-1024]	; 0xfffffc00
 190:	00013504 	andeq	r3, r1, r4, lsl #10
 194:	01290a00 			; <UNDEFINED> instruction: 0x01290a00
 198:	01a50000 			; <UNDEFINED> instruction: 0x01a50000
 19c:	2c0b0000 	stccs	0, cr0, [fp], {-0}
 1a0:	00000000 	andeq	r0, r0, r0
 1a4:	01931000 	orrseq	r1, r3, r0
 1a8:	05240000 	streq	r0, [r4, #-0]!
 1ac:	02280837 	eoreq	r0, r8, #3604480	; 0x370000
 1b0:	910d0000 	mrsls	r0, (UNDEF: 13)
 1b4:	05000000 	streq	r0, [r0, #-0]
 1b8:	00250939 	eoreq	r0, r5, r9, lsr r9
 1bc:	0d000000 	stceq	0, cr0, [r0, #-0]
 1c0:	0000042c 	andeq	r0, r0, ip, lsr #8
 1c4:	25093a05 	strcs	r3, [r9, #-2565]	; 0xfffff5fb
 1c8:	04000000 	streq	r0, [r0], #-0
 1cc:	0000b40d 	andeq	fp, r0, sp, lsl #8
 1d0:	093b0500 	ldmdbeq	fp!, {r8, sl}
 1d4:	00000025 	andeq	r0, r0, r5, lsr #32
 1d8:	05f70d08 	ldrbeq	r0, [r7, #3336]!	; 0xd08
 1dc:	3c050000 	stccc	0, cr0, [r5], {-0}
 1e0:	00002509 	andeq	r2, r0, r9, lsl #10
 1e4:	e40d0c00 	str	r0, [sp], #-3072	; 0xfffff400
 1e8:	05000002 	streq	r0, [r0, #-2]
 1ec:	0025093d 	eoreq	r0, r5, sp, lsr r9
 1f0:	0d100000 	ldceq	0, cr0, [r0, #-0]
 1f4:	000002af 	andeq	r0, r0, pc, lsr #5
 1f8:	25093e05 	strcs	r3, [r9, #-3589]	; 0xfffff1fb
 1fc:	14000000 	strne	r0, [r0], #-0
 200:	0004a10d 	andeq	sl, r4, sp, lsl #2
 204:	093f0500 	ldmdbeq	pc!, {r8, sl}	; <UNPREDICTABLE>
 208:	00000025 	andeq	r0, r0, r5, lsr #32
 20c:	03560d18 	cmpeq	r6, #24, 26	; 0x600
 210:	40050000 	andmi	r0, r5, r0
 214:	00002509 	andeq	r2, r0, r9, lsl #10
 218:	4f0d1c00 	svcmi	0x000d1c00
 21c:	05000005 	streq	r0, [r0, #-5]
 220:	00250941 	eoreq	r0, r5, r1, asr #18
 224:	00200000 	eoreq	r0, r0, r0
 228:	0000c312 	andeq	ip, r0, r2, lsl r3
 22c:	05010800 	streq	r0, [r1, #-2048]	; 0xfffff800
 230:	026d084a 	rsbeq	r0, sp, #4849664	; 0x4a0000
 234:	410d0000 	mrsmi	r0, (UNDEF: 13)
 238:	05000001 	streq	r0, [r0, #-1]
 23c:	026d0a4b 	rsbeq	r0, sp, #307200	; 0x4b000
 240:	0d000000 	stceq	0, cr0, [r0, #-0]
 244:	00000000 	andeq	r0, r0, r0
 248:	6d094c05 	stcvs	12, cr4, [r9, #-20]	; 0xffffffec
 24c:	80000002 	andhi	r0, r0, r2
 250:	00045913 	andeq	r5, r4, r3, lsl r9
 254:	0a4e0500 	beq	138165c <startup-0x1ec7e9a4>
 258:	00000129 	andeq	r0, r0, r9, lsr #2
 25c:	ed130100 	ldfs	f0, [r3, #-0]
 260:	05000000 	streq	r0, [r0, #-0]
 264:	01290a51 			; <UNDEFINED> instruction: 0x01290a51
 268:	01040000 	mrseq	r0, (UNDEF: 4)
 26c:	01150a00 	tsteq	r5, r0, lsl #20
 270:	027d0000 	rsbseq	r0, sp, #0, 0
 274:	2c0b0000 	stccs	0, cr0, [fp], {-0}
 278:	1f000000 	svcne	0x00000000
 27c:	02ed1200 	rsceq	r1, sp, #0, 4
 280:	01900000 	orrseq	r0, r0, r0
 284:	c0085d05 	andgt	r5, r8, r5, lsl #26
 288:	0d000002 	stceq	0, cr0, [r0, #-8]
 28c:	000003aa 	andeq	r0, r0, sl, lsr #7
 290:	c0125e05 	andsgt	r5, r2, r5, lsl #28
 294:	00000002 	andeq	r0, r0, r2
 298:	0003c20d 	andeq	ip, r3, sp, lsl #4
 29c:	065f0500 	ldrbeq	r0, [pc], -r0, lsl #10
 2a0:	00000025 	andeq	r0, r0, r5, lsr #32
 2a4:	01490d04 	cmpeq	r9, r4, lsl #26
 2a8:	61050000 	mrsvs	r0, (UNDEF: 5)
 2ac:	0002c609 	andeq	ip, r2, r9, lsl #12
 2b0:	c30d0800 	movwgt	r0, #55296	; 0xd800
 2b4:	05000000 	streq	r0, [r0, #-0]
 2b8:	02281e62 	eoreq	r1, r8, #1568	; 0x620
 2bc:	00880000 	addeq	r0, r8, r0
 2c0:	027d0405 	rsbseq	r0, sp, #83886080	; 0x5000000
 2c4:	d60a0000 	strle	r0, [sl], -r0
 2c8:	d6000002 	strle	r0, [r0], -r2
 2cc:	0b000002 	bleq	2dc <startup-0x1ffffd24>
 2d0:	0000002c 	andeq	r0, r0, ip, lsr #32
 2d4:	0405001f 	streq	r0, [r5], #-31	; 0xffffffe1
 2d8:	000002dc 	ldrdeq	r0, [r0], -ip
 2dc:	03601014 	cmneq	r0, #20, 0
 2e0:	05080000 	streq	r0, [r8, #-0]
 2e4:	03050875 	movweq	r0, #22645	; 0x5875
 2e8:	ae0d0000 	cdpge	0, 0, cr0, cr13, cr0, {0}
 2ec:	05000000 	streq	r0, [r0, #-0]
 2f0:	03051176 	movweq	r1, #20854	; 0x5176
 2f4:	0d000000 	stceq	0, cr0, [r0, #-0]
 2f8:	0000000c 	andeq	r0, r0, ip
 2fc:	25067705 	strcs	r7, [r6, #-1797]	; 0xfffff8fb
 300:	04000000 	streq	r0, [r0], #-0
 304:	3a040500 	bcc	10170c <startup-0x1fefe8f4>
 308:	10000000 	andne	r0, r0, r0
 30c:	00000394 	muleq	r0, r4, r3
 310:	08b50568 	ldmeq	r5!, {r3, r5, r6, r8, sl}
 314:	0000044e 	andeq	r0, r0, lr, asr #8
 318:	00705f11 	rsbseq	r5, r0, r1, lsl pc
 31c:	0512b605 	ldreq	fp, [r2, #-1541]	; 0xfffff9fb
 320:	00000003 	andeq	r0, r0, r3
 324:	00725f11 	rsbseq	r5, r2, r1, lsl pc
 328:	2507b705 	strcs	fp, [r7, #-1797]	; 0xfffff8fb
 32c:	04000000 	streq	r0, [r0], #-0
 330:	00775f11 	rsbseq	r5, r7, r1, lsl pc
 334:	2507b805 	strcs	fp, [r7, #-2053]	; 0xfffff7fb
 338:	08000000 	stmdaeq	r0, {}	; <UNPREDICTABLE>
 33c:	0000e60d 	andeq	lr, r0, sp, lsl #12
 340:	09b90500 	ldmibeq	r9!, {r8, sl}
 344:	00000041 	andeq	r0, r0, r1, asr #32
 348:	01af0d0c 			; <UNDEFINED> instruction: 0x01af0d0c
 34c:	ba050000 	blt	140354 <startup-0x1febfcac>
 350:	00004109 	andeq	r4, r0, r9, lsl #2
 354:	5f110e00 	svcpl	0x00110e00
 358:	05006662 	streq	r6, [r0, #-1634]	; 0xfffff99e
 35c:	02dd11bb 	sbcseq	r1, sp, #-1073741778	; 0xc000002e
 360:	0d100000 	ldceq	0, cr0, [r0, #-0]
 364:	0000006e 	andeq	r0, r0, lr, rrx
 368:	2507bc05 	strcs	fp, [r7, #-3077]	; 0xfffff3fb
 36c:	18000000 	stmdane	r0, {}	; <UNPREDICTABLE>
 370:	0000d10d 	andeq	sp, r0, sp, lsl #2
 374:	0ac30500 	beq	ff0c177c <__aeabi_idiv0+0xdf0c1380>
 378:	00000115 	andeq	r0, r0, r5, lsl r1
 37c:	01830d1c 	orreq	r0, r3, ip, lsl sp
 380:	c5050000 	strgt	r0, [r5, #-0]
 384:	0005c01d 	andeq	ip, r5, sp, lsl r0
 388:	a80d2000 	stmdage	sp, {sp}
 38c:	05000002 	streq	r0, [r0, #-2]
 390:	05ea1dc7 	strbeq	r1, [sl, #3527]!	; 0xdc7
 394:	0d240000 	stceq	0, cr0, [r4, #-0]
 398:	0000041e 	andeq	r0, r0, lr, lsl r4
 39c:	0e0dca05 	vmlaeq.f32	s24, s26, s10
 3a0:	28000006 	stmdacs	r0, {r1, r2}
 3a4:	0005690d 	andeq	r6, r5, sp, lsl #18
 3a8:	09cb0500 	stmibeq	fp, {r8, sl}^
 3ac:	00000628 	andeq	r0, r0, r8, lsr #12
 3b0:	755f112c 	ldrbvc	r1, [pc, #-300]	; 28c <startup-0x1ffffd74>
 3b4:	ce050062 	cdpgt	0, 0, cr0, cr5, cr2, {3}
 3b8:	0002dd11 	andeq	sp, r2, r1, lsl sp
 3bc:	5f113000 	svcpl	0x00113000
 3c0:	05007075 	streq	r7, [r0, #-117]	; 0xffffff8b
 3c4:	030512cf 	movweq	r1, #21199	; 0x52cf
 3c8:	11380000 	teqne	r8, r0
 3cc:	0072755f 	rsbseq	r7, r2, pc, asr r5
 3d0:	2507d005 	strcs	sp, [r7, #-5]
 3d4:	3c000000 	stccc	0, cr0, [r0], {-0}
 3d8:	0000a80d 	andeq	sl, r0, sp, lsl #16
 3dc:	11d30500 	bicsne	r0, r3, r0, lsl #10
 3e0:	0000062e 	andeq	r0, r0, lr, lsr #12
 3e4:	05410d40 	strbeq	r0, [r1, #-3392]	; 0xfffff2c0
 3e8:	d4050000 	strle	r0, [r5], #-0
 3ec:	00063e11 	andeq	r3, r6, r1, lsl lr
 3f0:	5f114300 	svcpl	0x00114300
 3f4:	0500626c 	streq	r6, [r0, #-620]	; 0xfffffd94
 3f8:	02dd11d7 	sbcseq	r1, sp, #-1073741771	; 0xc0000035
 3fc:	0d440000 	stcleq	0, cr0, [r4, #-0]
 400:	000000fc 	strdeq	r0, [r0], -ip
 404:	2507da05 	strcs	sp, [r7, #-2565]	; 0xfffff5fb
 408:	4c000000 	stcmi	0, cr0, [r0], {-0}
 40c:	0001140d 	andeq	r1, r1, sp, lsl #8
 410:	0adb0500 	beq	ff6c1818 <__aeabi_idiv0+0xdf6c141c>
 414:	00000082 	andeq	r0, r0, r2, lsl #1
 418:	00310d50 	eorseq	r0, r1, r0, asr sp
 41c:	de050000 	cdple	0, 0, cr0, cr5, cr0, {0}
 420:	00046c12 	andeq	r6, r4, r2, lsl ip
 424:	100d5400 	andne	r5, sp, r0, lsl #8
 428:	05000004 	streq	r0, [r0, #-4]
 42c:	01090ce2 	smlatteq	r9, r2, ip, r0
 430:	0d580000 	ldcleq	0, cr0, [r8, #-0]
 434:	0000039c 	muleq	r0, ip, r3
 438:	fd0ee405 	stc2	4, cr14, [lr, #-20]	; 0xffffffec
 43c:	5c000000 	stcpl	0, cr0, [r0], {-0}
 440:	00028e0d 	andeq	r8, r2, sp, lsl #28
 444:	09e50500 	stmibeq	r5!, {r8, sl}^
 448:	00000025 	andeq	r0, r0, r5, lsr #32
 44c:	25150064 	ldrcs	r0, [r5, #-100]	; 0xffffff9c
 450:	6c000000 	stcvs	0, cr0, [r0], {-0}
 454:	16000004 	strne	r0, [r0], -r4
 458:	0000046c 	andeq	r0, r0, ip, ror #8
 45c:	00011516 	andeq	r1, r1, r6, lsl r5
 460:	01171600 	tsteq	r7, r0, lsl #12
 464:	25160000 	ldrcs	r0, [r6, #-0]
 468:	00000000 	andeq	r0, r0, r0
 46c:	04770405 	ldrbteq	r0, [r7], #-1029	; 0xfffffbfb
 470:	6c0f0000 	stcvs	0, cr0, [pc], {-0}
 474:	17000004 	strne	r0, [r0, -r4]
 478:	000003fa 	strdeq	r0, [r0], -sl
 47c:	60050428 	andvs	r0, r5, r8, lsr #8
 480:	05c00802 	strbeq	r0, [r0, #2050]	; 0x802
 484:	45180000 	ldrmi	r0, [r8, #-0]
 488:	05000003 	streq	r0, [r0, #-3]
 48c:	25070262 	strcs	r0, [r7, #-610]	; 0xfffffd9e
 490:	00000000 	andeq	r0, r0, r0
 494:	0000f518 	andeq	pc, r0, r8, lsl r5	; <UNPREDICTABLE>
 498:	02670500 	rsbeq	r0, r7, #0, 10
 49c:	00069a0b 	andeq	r9, r6, fp, lsl #20
 4a0:	9f180400 	svcls	0x00180400
 4a4:	05000001 	streq	r0, [r0, #-1]
 4a8:	9a140267 	bls	500e4c <startup-0x1faff1b4>
 4ac:	08000006 	stmdaeq	r0, {r1, r2}
 4b0:	00016418 	andeq	r6, r1, r8, lsl r4
 4b4:	02670500 	rsbeq	r0, r7, #0, 10
 4b8:	00069a1e 	andeq	r9, r6, lr, lsl sl
 4bc:	bd180c00 	ldclt	12, cr0, [r8, #-0]
 4c0:	05000003 	streq	r0, [r0, #-3]
 4c4:	25080269 	strcs	r0, [r8, #-617]	; 0xfffffd97
 4c8:	10000000 	andne	r0, r0, r0
 4cc:	00001a18 	andeq	r1, r0, r8, lsl sl
 4d0:	026a0500 	rsbeq	r0, sl, #0, 10
 4d4:	00089a08 	andeq	r9, r8, r8, lsl #20
 4d8:	d9181400 	ldmdble	r8, {sl, ip}
 4dc:	05000003 	streq	r0, [r0, #-3]
 4e0:	2507026d 	strcs	r0, [r7, #-621]	; 0xfffffd93
 4e4:	30000000 	andcc	r0, r0, r0
 4e8:	0003c718 	andeq	ip, r3, r8, lsl r7
 4ec:	026e0500 	rsbeq	r0, lr, #0, 10
 4f0:	0008af16 	andeq	sl, r8, r6, lsl pc
 4f4:	f5183400 			; <UNDEFINED> instruction: 0xf5183400
 4f8:	05000002 	streq	r0, [r0, #-2]
 4fc:	25070270 	strcs	r0, [r7, #-624]	; 0xfffffd90
 500:	38000000 	stmdacc	r0, {}	; <UNPREDICTABLE>
 504:	0003cf18 	andeq	ip, r3, r8, lsl pc
 508:	02720500 	rsbseq	r0, r2, #0, 10
 50c:	0008c00a 	andeq	ip, r8, sl
 510:	71183c00 	tstvc	r8, r0, lsl #24
 514:	05000002 	streq	r0, [r0, #-2]
 518:	8f130275 	svchi	0x00130275
 51c:	40000001 	andmi	r0, r0, r1
 520:	00018918 	andeq	r8, r1, r8, lsl r9
 524:	02760500 	rsbseq	r0, r6, #0, 10
 528:	00002507 	andeq	r2, r0, r7, lsl #10
 52c:	d4184400 	ldrle	r4, [r8], #-1024	; 0xfffffc00
 530:	05000005 	streq	r0, [r0, #-5]
 534:	8f130277 	svchi	0x00130277
 538:	48000001 	stmdami	r0, {r0}
 53c:	00031218 	andeq	r1, r3, r8, lsl r2
 540:	02780500 	rsbseq	r0, r8, #0, 10
 544:	0008c614 	andeq	ip, r8, r4, lsl r6
 548:	a7184c00 	ldrge	r4, [r8, -r0, lsl #24]
 54c:	05000001 	streq	r0, [r0, #-1]
 550:	2507027b 	strcs	r0, [r7, #-635]	; 0xfffffd85
 554:	50000000 	andpl	r0, r0, r0
 558:	00010c18 	andeq	r0, r1, r8, lsl ip
 55c:	027c0500 	rsbseq	r0, ip, #0, 10
 560:	00011709 	andeq	r1, r1, r9, lsl #14
 564:	3e185400 	cfmulscc	mvf5, mvf8, mvf0
 568:	05000003 	streq	r0, [r0, #-3]
 56c:	7507029f 	strvc	r0, [r7, #-671]	; 0xfffffd61
 570:	58000008 	stmdapl	r0, {r3}
 574:	0002ed19 	andeq	lr, r2, r9, lsl sp
 578:	02a30500 	adceq	r0, r3, #0, 10
 57c:	0002c013 	andeq	ip, r2, r3, lsl r0
 580:	19014800 	stmdbne	r1, {fp, lr}
 584:	000001f7 	strdeq	r0, [r0], -r7
 588:	1202a405 	andne	sl, r2, #83886080	; 0x5000000
 58c:	0000027d 	andeq	r0, r0, sp, ror r2
 590:	3719014c 	ldrcc	r0, [r9, -ip, asr #2]
 594:	05000005 	streq	r0, [r0, #-5]
 598:	d70c02a8 	strle	r0, [ip, -r8, lsr #5]
 59c:	dc000008 	stcle	0, cr0, [r0], {8}
 5a0:	00d91902 	sbcseq	r1, r9, r2, lsl #18
 5a4:	ad050000 	stcge	0, cr0, [r5, #-0]
 5a8:	065b1002 	ldrbeq	r1, [fp], -r2
 5ac:	02e00000 	rsceq	r0, r0, #0, 0
 5b0:	0000be19 	andeq	fp, r0, r9, lsl lr
 5b4:	02af0500 	adceq	r0, pc, #0, 10
 5b8:	0008e30a 	andeq	lr, r8, sl, lsl #6
 5bc:	0002ec00 	andeq	lr, r2, r0, lsl #24
 5c0:	044e0405 	strbeq	r0, [lr], #-1029	; 0xfffffbfb
 5c4:	25150000 	ldrcs	r0, [r5, #-0]
 5c8:	e4000000 	str	r0, [r0], #-0
 5cc:	16000005 	strne	r0, [r0], -r5
 5d0:	0000046c 	andeq	r0, r0, ip, ror #8
 5d4:	00011516 	andeq	r1, r1, r6, lsl r5
 5d8:	05e41600 	strbeq	r1, [r4, #1536]!	; 0x600
 5dc:	25160000 	ldrcs	r0, [r6, #-0]
 5e0:	00000000 	andeq	r0, r0, r0
 5e4:	01240405 			; <UNDEFINED> instruction: 0x01240405
 5e8:	04050000 	streq	r0, [r5], #-0
 5ec:	000005c6 	andeq	r0, r0, r6, asr #11
 5f0:	00008e15 	andeq	r8, r0, r5, lsl lr
 5f4:	00060e00 	andeq	r0, r6, r0, lsl #28
 5f8:	046c1600 	strbteq	r1, [ip], #-1536	; 0xfffffa00
 5fc:	15160000 	ldrne	r0, [r6, #-0]
 600:	16000001 	strne	r0, [r0], -r1
 604:	0000008e 	andeq	r0, r0, lr, lsl #1
 608:	00002516 	andeq	r2, r0, r6, lsl r5
 60c:	04050000 	streq	r0, [r5], #-0
 610:	000005f0 	strdeq	r0, [r0], -r0	; <UNPREDICTABLE>
 614:	00002515 	andeq	r2, r0, r5, lsl r5
 618:	00062800 	andeq	r2, r6, r0, lsl #16
 61c:	046c1600 	strbteq	r1, [ip], #-1536	; 0xfffffa00
 620:	15160000 	ldrne	r0, [r6, #-0]
 624:	00000001 	andeq	r0, r0, r1
 628:	06140405 	ldreq	r0, [r4], -r5, lsl #8
 62c:	3a0a0000 	bcc	280634 <startup-0x1fd7f9cc>
 630:	3e000000 	cdpcc	0, 0, cr0, cr0, cr0, {0}
 634:	0b000006 	bleq	654 <startup-0x1ffff9ac>
 638:	0000002c 	andeq	r0, r0, ip, lsr #32
 63c:	3a0a0002 	bcc	28064c <startup-0x1fd7f9b4>
 640:	4e000000 	cdpmi	0, 0, cr0, cr0, cr0, {0}
 644:	0b000006 	bleq	664 <startup-0x1ffff99c>
 648:	0000002c 	andeq	r0, r0, ip, lsr #32
 64c:	82070000 	andhi	r0, r7, #0, 0
 650:	05000003 	streq	r0, [r0, #-3]
 654:	0b1a011f 	bleq	680ad8 <startup-0x1f97f528>
 658:	1a000003 	bne	66c <startup-0x1ffff994>
 65c:	000004ab 	andeq	r0, r0, fp, lsr #9
 660:	0123050c 			; <UNDEFINED> instruction: 0x0123050c
 664:	00069408 	andeq	r9, r6, r8, lsl #8
 668:	03aa1800 			; <UNDEFINED> instruction: 0x03aa1800
 66c:	25050000 	strcs	r0, [r5, #-0]
 670:	06941101 	ldreq	r1, [r4], r1, lsl #2
 674:	18000000 	stmdane	r0, {}	; <UNPREDICTABLE>
 678:	000001b5 			; <UNDEFINED> instruction: 0x000001b5
 67c:	07012605 	streq	r2, [r1, -r5, lsl #12]
 680:	00000025 	andeq	r0, r0, r5, lsr #32
 684:	03671804 	cmneq	r7, #4, 16	; 0x40000
 688:	27050000 	strcs	r0, [r5, -r0]
 68c:	069a0b01 	ldreq	r0, [sl], r1, lsl #22
 690:	00080000 	andeq	r0, r8, r0
 694:	065b0405 	ldrbeq	r0, [fp], -r5, lsl #8
 698:	04050000 	streq	r0, [r5], #-0
 69c:	0000064e 	andeq	r0, r0, lr, asr #12
 6a0:	0000121a 	andeq	r1, r0, sl, lsl r2
 6a4:	3f050e00 	svccc	0x00050e00
 6a8:	06d90801 	ldrbeq	r0, [r9], r1, lsl #16
 6ac:	01180000 	tsteq	r8, r0
 6b0:	05000004 	streq	r0, [r0, #-4]
 6b4:	d9120140 	ldmdble	r2, {r6, r8}
 6b8:	00000006 	andeq	r0, r0, r6
 6bc:	00044618 	andeq	r4, r4, r8, lsl r6
 6c0:	01410500 	cmpeq	r1, r0, lsl #10
 6c4:	0006d912 	andeq	sp, r6, r2, lsl r9
 6c8:	62180600 	andsvs	r0, r8, #0, 12
 6cc:	05000004 	streq	r0, [r0, #-4]
 6d0:	48120142 	ldmdami	r2, {r1, r6, r8}
 6d4:	0c000000 	stceq	0, cr0, [r0], {-0}
 6d8:	00480a00 	subeq	r0, r8, r0, lsl #20
 6dc:	06e90000 	strbteq	r0, [r9], r0
 6e0:	2c0b0000 	stccs	0, cr0, [fp], {-0}
 6e4:	02000000 	andeq	r0, r0, #0, 0
 6e8:	05d01b00 	ldrbeq	r1, [r0, #2816]	; 0xb00
 6ec:	fe070280 	cdp2	2, 0, cr0, cr7, cr0, {4}
 6f0:	18000007 	stmdane	r0, {r0, r1, r2}
 6f4:	0000048f 	andeq	r0, r0, pc, lsl #9
 6f8:	18028205 	stmdane	r2, {r0, r2, r9, pc}
 6fc:	0000002c 	andeq	r0, r0, ip, lsr #32
 700:	044c1800 	strbeq	r1, [ip], #-2048	; 0xfffff800
 704:	83050000 	movwhi	r0, #20480	; 0x5000
 708:	01171202 	tsteq	r7, r2, lsl #4
 70c:	18040000 	stmdane	r4, {}	; <UNPREDICTABLE>
 710:	00000218 	andeq	r0, r0, r8, lsl r2
 714:	10028405 	andne	r8, r2, r5, lsl #8
 718:	000007fe 	strdeq	r0, [r0], -lr
 71c:	055a1808 	ldrbeq	r1, [sl, #-2056]	; 0xfffff7f8
 720:	85050000 	strhi	r0, [r5, #-0]
 724:	01a51702 			; <UNDEFINED> instruction: 0x01a51702
 728:	18240000 	stmdane	r4!, {}	; <UNPREDICTABLE>
 72c:	00000174 	andeq	r0, r0, r4, ror r1
 730:	0f028605 	svceq	0x00028605
 734:	00000025 	andeq	r0, r0, r5, lsr #32
 738:	03a51848 			; <UNDEFINED> instruction: 0x03a51848
 73c:	87050000 	strhi	r0, [r5, -r0]
 740:	00642c02 	rsbeq	r2, r4, r2, lsl #24
 744:	18500000 	ldmdane	r0, {}^	; <UNPREDICTABLE>
 748:	000002df 	ldrdeq	r0, [r0], -pc	; <UNPREDICTABLE>
 74c:	1a028805 	bne	a2768 <startup-0x1ff5d898>
 750:	000006a0 	andeq	r0, r0, r0, lsr #13
 754:	03b01858 	movseq	r1, #88, 16	; 0x580000
 758:	89050000 	stmdbhi	r5, {}	; <UNPREDICTABLE>
 75c:	00fd1602 	rscseq	r1, sp, r2, lsl #12
 760:	18680000 	stmdane	r8!, {}^	; <UNPREDICTABLE>
 764:	000005c6 	andeq	r0, r0, r6, asr #11
 768:	16028a05 	strne	r8, [r2], -r5, lsl #20
 76c:	000000fd 	strdeq	r0, [r0], -sp
 770:	03221870 			; <UNDEFINED> instruction: 0x03221870
 774:	8b050000 	blhi	14077c <startup-0x1febf884>
 778:	00fd1602 	rscseq	r1, sp, r2, lsl #12
 77c:	18780000 	ldmdane	r8!, {}^	; <UNPREDICTABLE>
 780:	0000052d 	andeq	r0, r0, sp, lsr #10
 784:	10028c05 	andne	r8, r2, r5, lsl #24
 788:	0000080e 	andeq	r0, r0, lr, lsl #16
 78c:	020c1880 	andeq	r1, ip, #128, 16	; 0x800000
 790:	8d050000 	stchi	0, cr0, [r5, #-0]
 794:	081e1002 	ldmdaeq	lr, {r1, ip}
 798:	18880000 	stmne	r8, {}	; <UNPREDICTABLE>
 79c:	0000046f 	andeq	r0, r0, pc, ror #8
 7a0:	0f028e05 	svceq	0x00028e05
 7a4:	00000025 	andeq	r0, r0, r5, lsr #32
 7a8:	013318a0 	teqeq	r3, r0, lsr #17
 7ac:	8f050000 	svchi	0x00050000
 7b0:	00fd1602 	rscseq	r1, sp, r2, lsl #12
 7b4:	18a40000 	stmiane	r4!, {}	; <UNPREDICTABLE>
 7b8:	00000082 	andeq	r0, r0, r2, lsl #1
 7bc:	16029005 	strne	r9, [r2], -r5
 7c0:	000000fd 	strdeq	r0, [r0], -sp
 7c4:	011c18ac 	tsteq	ip, ip, lsr #17
 7c8:	91050000 	mrsls	r0, (UNDEF: 5)
 7cc:	00fd1602 	rscseq	r1, sp, r2, lsl #12
 7d0:	18b40000 	ldmne	r4!, {}	; <UNPREDICTABLE>
 7d4:	00000037 	andeq	r0, r0, r7, lsr r0
 7d8:	16029205 	strne	r9, [r2], -r5, lsl #4
 7dc:	000000fd 	strdeq	r0, [r0], -sp
 7e0:	004618bc 	strheq	r1, [r6], #-140	; 0xffffff74
 7e4:	93050000 	movwls	r0, #20480	; 0x5000
 7e8:	00fd1602 	rscseq	r1, sp, r2, lsl #12
 7ec:	18c40000 	stmiane	r4, {}^	; <UNPREDICTABLE>
 7f0:	00000343 	andeq	r0, r0, r3, asr #6
 7f4:	08029405 	stmdaeq	r2, {r0, r2, sl, ip, pc}
 7f8:	00000025 	andeq	r0, r0, r5, lsr #32
 7fc:	1d0a00cc 	stcne	0, cr0, [sl, #-816]	; 0xfffffcd0
 800:	0e000001 	cdpeq	0, 0, cr0, cr0, cr1, {0}
 804:	0b000008 	bleq	82c <startup-0x1ffff7d4>
 808:	0000002c 	andeq	r0, r0, ip, lsr #32
 80c:	1d0a0019 	stcne	0, cr0, [sl, #-100]	; 0xffffff9c
 810:	1e000001 	cdpne	0, 0, cr0, cr0, cr1, {0}
 814:	0b000008 	bleq	83c <startup-0x1ffff7c4>
 818:	0000002c 	andeq	r0, r0, ip, lsr #32
 81c:	1d0a0007 	stcne	0, cr0, [sl, #-28]	; 0xffffffe4
 820:	2e000001 	cdpcs	0, 0, cr0, cr0, cr1, {0}
 824:	0b000008 	bleq	84c <startup-0x1ffff7b4>
 828:	0000002c 	andeq	r0, r0, ip, lsr #32
 82c:	f01b0017 			; <UNDEFINED> instruction: 0xf01b0017
 830:	07029905 	streq	r9, [r2, -r5, lsl #18]
 834:	00000855 	andeq	r0, r0, r5, asr r8
 838:	0002d818 	andeq	sp, r2, r8, lsl r8
 83c:	029c0500 	addseq	r0, ip, #0, 10
 840:	0008551b 	andeq	r5, r8, fp, lsl r5
 844:	b9180000 	ldmdblt	r8, {}	; <UNPREDICTABLE>
 848:	05000002 	streq	r0, [r0, #-2]
 84c:	6518029d 	ldrvs	r0, [r8, #-669]	; 0xfffffd63
 850:	78000008 	stmdavc	r0, {r3}
 854:	03050a00 	movweq	r0, #23040	; 0x5a00
 858:	08650000 	stmdaeq	r5!, {}^	; <UNPREDICTABLE>
 85c:	2c0b0000 	stccs	0, cr0, [fp], {-0}
 860:	1d000000 	stcne	0, cr0, [r0, #-0]
 864:	002c0a00 	eoreq	r0, ip, r0, lsl #20
 868:	08750000 	ldmdaeq	r5!, {}^	; <UNPREDICTABLE>
 86c:	2c0b0000 	stccs	0, cr0, [fp], {-0}
 870:	1d000000 	stcne	0, cr0, [r0, #-0]
 874:	05f01c00 	ldrbeq	r1, [r0, #3072]!	; 0xc00
 878:	9a03027e 	bls	c1278 <startup-0x1ff3ed88>
 87c:	1d000008 	stcne	0, cr0, [r0, #-32]	; 0xffffffe0
 880:	000003fa 	strdeq	r0, [r0], -sl
 884:	0b029505 	bleq	a5ca0 <startup-0x1ff5a360>
 888:	000006e9 	andeq	r0, r0, r9, ror #13
 88c:	0005471d 	andeq	r4, r5, sp, lsl r7
 890:	029e0500 	addseq	r0, lr, #0, 10
 894:	00082e0b 	andeq	r2, r8, fp, lsl #28
 898:	1d0a0000 	stcne	0, cr0, [sl, #-0]
 89c:	aa000001 	bge	8a8 <startup-0x1ffff758>
 8a0:	0b000008 	bleq	8c8 <startup-0x1ffff738>
 8a4:	0000002c 	andeq	r0, r0, ip, lsr #32
 8a8:	77060018 	smladvc	r6, r8, r0, r0
 8ac:	05000000 	streq	r0, [r0, #-0]
 8b0:	0008aa04 	andeq	sl, r8, r4, lsl #20
 8b4:	08c01e00 	stmiaeq	r0, {r9, sl, fp, ip}^
 8b8:	6c160000 	ldcvs	0, cr0, [r6], {-0}
 8bc:	00000004 	andeq	r0, r0, r4
 8c0:	08b50405 	ldmeq	r5!, {r0, r2, sl}
 8c4:	04050000 	streq	r0, [r5], #-0
 8c8:	0000018f 	andeq	r0, r0, pc, lsl #3
 8cc:	0008d71e 	andeq	sp, r8, lr, lsl r7
 8d0:	00251600 	eoreq	r1, r5, r0, lsl #12
 8d4:	05000000 	streq	r0, [r0, #-0]
 8d8:	0008dd04 	andeq	sp, r8, r4, lsl #26
 8dc:	cc040500 	cfstr32gt	mvfx0, [r4], {-0}
 8e0:	0a000008 	beq	908 <startup-0x1ffff6f8>
 8e4:	0000064e 	andeq	r0, r0, lr, asr #12
 8e8:	000008f3 	strdeq	r0, [r0], -r3
 8ec:	00002c0b 	andeq	r2, r0, fp, lsl #24
 8f0:	1f000200 	svcne	0x00000200
 8f4:	00000483 	andeq	r0, r0, r3, lsl #9
 8f8:	17032e05 	strne	r2, [r3, -r5, lsl #28]
 8fc:	0000046c 	andeq	r0, r0, ip, ror #8
 900:	00047c1f 	andeq	r7, r4, pc, lsl ip
 904:	032f0500 			; <UNDEFINED> instruction: 0x032f0500
 908:	0004721d 	andeq	r7, r4, sp, lsl r2
 90c:	04040300 	streq	r0, [r4], #-768	; 0xfffffd00
 910:	0000030c 	andeq	r0, r0, ip, lsl #6
 914:	05040803 	streq	r0, [r4, #-2051]	; 0xfffff7fd
 918:	0c000001 	stceq	0, cr0, [r0], {1}
 91c:	09130102 	ldmdbeq	r3, {r1, r8}
 920:	0000093b 	andeq	r0, r0, fp, lsr r9
 924:	01007811 	tsteq	r0, r1, lsl r8
 928:	011d0a14 	tsteq	sp, r4, lsl sl
 92c:	11000000 	mrsne	r0, (UNDEF: 0)
 930:	14010079 	strne	r0, [r1], #-121	; 0xffffff87
 934:	00011d0c 	andeq	r1, r1, ip, lsl #26
 938:	04000100 	streq	r0, [r0], #-256	; 0xffffff00
 93c:	0000012d 	andeq	r0, r0, sp, lsr #2
 940:	1b031501 	blne	c5d4c <startup-0x1ff3a2b4>
 944:	0c000009 	stceq	0, cr0, [r0], {9}
 948:	09170104 	ldmdbeq	r7, {r2, r8}
 94c:	00000969 	andeq	r0, r0, r9, ror #18
 950:	00307011 	eorseq	r7, r0, r1, lsl r0
 954:	3b0b1801 	blcc	2c6960 <startup-0x1fd396a0>
 958:	00000009 	andeq	r0, r0, r9
 95c:	00317011 	eorseq	r7, r1, r1, lsl r0
 960:	3b0e1801 	blcc	38696c <startup-0x1fc79694>
 964:	02000009 	andeq	r0, r0, #9, 0
 968:	05de0400 	ldrbeq	r0, [lr, #1024]	; 0x400
 96c:	19010000 	stmdbne	r1, {}	; <UNPREDICTABLE>
 970:	0009750a 	andeq	r7, r9, sl, lsl #10
 974:	47040500 	strmi	r0, [r4, -r0, lsl #10]
 978:	20000009 	andcs	r0, r0, r9
 97c:	00000200 	andeq	r0, r0, r0, lsl #4
 980:	b6069b01 	strlt	r9, [r6], -r1, lsl #22
 984:	30200002 	eorcc	r0, r0, r2
 988:	01000000 	mrseq	r0, (UNDEF: 0)
 98c:	0009a09c 	muleq	r9, ip, r0
 990:	73752100 	cmnvc	r5, #0
 994:	1f9b0100 	svcne	0x009b0100
 998:	0000002c 	andeq	r0, r0, ip, lsr #32
 99c:	00749102 	rsbseq	r9, r4, r2, lsl #2
 9a0:	0005eb20 	andeq	lr, r5, r0, lsr #22
 9a4:	06870100 	streq	r0, [r7], r0, lsl #2
 9a8:	20000260 	andcs	r0, r0, r0, ror #4
 9ac:	00000056 	andeq	r0, r0, r6, asr r0
 9b0:	09c59c01 	stmibeq	r5, {r0, sl, fp, ip, pc}^
 9b4:	6d210000 	stcvs	0, cr0, [r1, #-0]
 9b8:	87010073 	smlsdxhi	r1, r3, r0, r0
 9bc:	00002c1f 	andeq	r2, r0, pc, lsl ip
 9c0:	74910200 	ldrvc	r0, [r1], #512	; 0x200
 9c4:	00252200 	eoreq	r2, r5, r0, lsl #4
 9c8:	7c010000 	stcvc	0, cr0, [r1], {-0}
 9cc:	00021c06 	andeq	r1, r2, r6, lsl #24
 9d0:	00004420 	andeq	r4, r0, r0, lsr #8
 9d4:	239c0100 	orrscs	r0, ip, #0
 9d8:	00000307 	andeq	r0, r0, r7, lsl #6
 9dc:	fe067501 	cdp2	5, 0, cr7, cr6, cr1, {0}
 9e0:	1e200001 	cdpne	0, 2, cr0, cr0, cr1, {0}
 9e4:	01000000 	mrseq	r0, (UNDEF: 0)
 9e8:	000a179c 	muleq	sl, ip, r7
 9ec:	00782100 	rsbseq	r2, r8, r0, lsl #2
 9f0:	250f7501 	strcs	r7, [pc, #-1281]	; 4f7 <startup-0x1ffffb09>
 9f4:	02000000 	andeq	r0, r0, #0, 0
 9f8:	79216c91 	stmdbvc	r1!, {r0, r4, r7, sl, fp, sp, lr}
 9fc:	16750100 	ldrbtne	r0, [r5], -r0, lsl #2
 a00:	00000025 	andeq	r0, r0, r5, lsr #32
 a04:	24689102 	strbtcs	r9, [r8], #-258	; 0xfffffefe
 a08:	000000e1 	andeq	r0, r0, r1, ror #1
 a0c:	25097601 	strcs	r7, [r9, #-1537]	; 0xfffff9ff
 a10:	02000000 	andeq	r0, r0, #0, 0
 a14:	25007491 	strcs	r7, [r0, #-1169]	; 0xfffffb6f
 a18:	000002c8 	andeq	r0, r0, r8, asr #5
 a1c:	25055101 	strcs	r5, [r5, #-257]	; 0xfffffeff
 a20:	de000000 	cdple	0, 0, cr0, cr0, cr0, {0}
 a24:	20200000 	eorcs	r0, r0, r0
 a28:	01000001 	tsteq	r0, r1
 a2c:	000b1e9c 	muleq	fp, ip, lr
 a30:	006c2100 	rsbeq	r2, ip, r0, lsl #2
 a34:	69155101 	ldmdbvs	r5, {r0, r8, ip, lr}
 a38:	02000009 	andeq	r0, r0, #9, 0
 a3c:	d2245491 	eorle	r5, r4, #-1862270976	; 0x91000000
 a40:	01000002 	tsteq	r0, r2
 a44:	00250953 	eoreq	r0, r5, r3, asr r9
 a48:	91020000 	mrsls	r0, (UNDEF: 2)
 a4c:	00e12674 	rsceq	r2, r1, r4, ror r6
 a50:	53010000 	movwpl	r0, #4096	; 0x1000
 a54:	00002514 	andeq	r2, r0, r4, lsl r5
 a58:	05e42400 	strbeq	r2, [r4, #1024]!	; 0x400
 a5c:	53010000 	movwpl	r0, #4096	; 0x1000
 a60:	0000251a 	andeq	r2, r0, sl, lsl r5
 a64:	68910200 	ldmvs	r1, {r9}
 a68:	00014e24 	andeq	r4, r1, r4, lsr #28
 a6c:	22530100 	subscs	r0, r3, #0
 a70:	00000025 	andeq	r0, r0, r5, lsr #32
 a74:	24649102 	strbtcs	r9, [r4], #-258	; 0xfffffefe
 a78:	0000031c 	andeq	r0, r0, ip, lsl r3
 a7c:	252a5301 	strcs	r5, [sl, #-769]!	; 0xfffffcff
 a80:	02000000 	andeq	r0, r0, #0, 0
 a84:	79276091 	stmdbvc	r7!, {r0, r4, r7, sp, lr}
 a88:	31530100 	cmpcc	r3, r0, lsl #2
 a8c:	00000025 	andeq	r0, r0, r5, lsr #32
 a90:	245c9102 	ldrbcs	r9, [ip], #-258	; 0xfffffefe
 a94:	000002c2 	andeq	r0, r0, r2, asr #5
 a98:	25345301 	ldrcs	r5, [r4, #-769]!	; 0xfffffcff
 a9c:	02000000 	andeq	r0, r0, #0, 0
 aa0:	61287091 			; <UNDEFINED> instruction: 0x61287091
 aa4:	06007362 	streq	r7, [r0], -r2, ror #6
 aa8:	00002500 	andeq	r2, r0, r0, lsl #10
 aac:	000ab300 	andeq	fp, sl, r0, lsl #6
 ab0:	2a002900 	bcs	aeb8 <startup-0x1fff5148>
 ab4:	200000f0 	strdcs	r0, [r0], -r0	; <UNPREDICTABLE>
 ab8:	0000002c 	andeq	r0, r0, ip, lsr #32
 abc:	00000ace 	andeq	r0, r0, lr, asr #21
 ac0:	7362612b 	cmnvc	r2, #-1073741814	; 0xc000000a
 ac4:	25000600 	strcs	r0, [r0, #-1536]	; 0xfffffa00
 ac8:	29000000 	stmdbcs	r0, {}	; <UNPREDICTABLE>
 acc:	222a0000 	eorcs	r0, sl, #0, 0
 ad0:	24200001 	strtcs	r0, [r0], #-1
 ad4:	ea000000 	b	adc <startup-0x1ffff524>
 ad8:	2c00000a 	stccs	0, cr0, [r0], {10}
 adc:	00000307 	andeq	r0, r0, r7, lsl #6
 ae0:	25095801 	strcs	r5, [r9, #-2049]	; 0xfffff7ff
 ae4:	29000000 	stmdbcs	r0, {}	; <UNPREDICTABLE>
 ae8:	482a0000 	stmdami	sl!, {}	; <UNPREDICTABLE>
 aec:	24200001 	strtcs	r0, [r0], #-1
 af0:	06000000 	streq	r0, [r0], -r0
 af4:	2c00000b 	stccs	0, cr0, [r0], {11}
 af8:	00000307 	andeq	r0, r0, r7, lsl #6
 afc:	25095801 	strcs	r5, [r9, #-2049]	; 0xfffff7ff
 b00:	29000000 	stmdbcs	r0, {}	; <UNPREDICTABLE>
 b04:	a82d0000 	stmdage	sp!, {}	; <UNPREDICTABLE>
 b08:	2a200001 	bcs	800b14 <startup-0x1f7ff4ec>
 b0c:	27000000 	strcs	r0, [r0, -r0]
 b10:	68010078 	stmdavs	r1, {r3, r4, r5, r6}
 b14:	0000250d 	andeq	r2, r0, sp, lsl #10
 b18:	6c910200 	lfmvs	f0, 4, [r1], {0}
 b1c:	d9200000 	stmdble	r0!, {}	; <UNPREDICTABLE>
 b20:	01000005 	tsteq	r0, r5
 b24:	004c0643 	subeq	r0, ip, r3, asr #12
 b28:	00922000 	addseq	r2, r2, r0
 b2c:	9c010000 	stcls	0, cr0, [r1], {-0}
 b30:	00000b50 	andeq	r0, r0, r0, asr fp
 b34:	01006927 	tsteq	r0, r7, lsr #18
 b38:	00250945 	eoreq	r0, r5, r5, asr #18
 b3c:	91020000 	mrsls	r0, (UNDEF: 2)
 b40:	05eb2c74 	strbeq	r2, [fp, #3188]!	; 0xc74
 b44:	4c010000 	stcmi	0, cr0, [r1], {-0}
 b48:	00002505 	andeq	r2, r0, r5, lsl #10
 b4c:	00002900 	andeq	r2, r0, r0, lsl #18
 b50:	00043d22 	andeq	r3, r4, r2, lsr #26
 b54:	063d0100 	ldrteq	r0, [sp], -r0, lsl #2
 b58:	20000028 	andcs	r0, r0, r8, lsr #32
 b5c:	00000024 	andeq	r0, r0, r4, lsr #32
 b60:	bc239c01 	stclt	12, cr9, [r3], #-4
 b64:	01000001 	tsteq	r0, r1
 b68:	00220637 	eoreq	r0, r2, r7, lsr r6
 b6c:	00062000 	andeq	r2, r6, r0
 b70:	9c010000 	stcls	0, cr0, [r1], {-0}
 b74:	00000b91 	muleq	r0, r1, fp
 b78:	01007821 	tsteq	r0, r1, lsr #16
 b7c:	00251e37 	eoreq	r1, r5, r7, lsr lr
 b80:	50010000 	andpl	r0, r1, r0
 b84:	01007921 	tsteq	r0, r1, lsr #18
 b88:	00252537 	eoreq	r2, r5, r7, lsr r5
 b8c:	51010000 	mrspl	r0, (UNDEF: 1)
 b90:	02962300 	addseq	r2, r6, #0, 6
 b94:	31010000 	mrscc	r0, (UNDEF: 1)
 b98:	00001c06 	andeq	r1, r0, r6, lsl #24
 b9c:	00000620 	andeq	r0, r0, r0, lsr #12
 ba0:	c09c0100 	addsgt	r0, ip, r0, lsl #2
 ba4:	2100000b 	tstcs	r0, fp
 ba8:	31010078 	tstcc	r1, r8, ror r0
 bac:	0000251c 	andeq	r2, r0, ip, lsl r5
 bb0:	21500100 	cmpcs	r0, r0, lsl #2
 bb4:	31010079 	tstcc	r1, r9, ror r0
 bb8:	00002523 	andeq	r2, r0, r3, lsr #10
 bbc:	00510100 	subseq	r0, r1, r0, lsl #2
 bc0:	00036d22 	andeq	r6, r3, r2, lsr #26
 bc4:	062b0100 	strteq	r0, [fp], -r0, lsl #2
 bc8:	20000016 	andcs	r0, r0, r6, lsl r0
 bcc:	00000006 	andeq	r0, r0, r6
 bd0:	e3229c01 			; <UNDEFINED> instruction: 0xe3229c01
 bd4:	01000001 	tsteq	r0, r1
 bd8:	00100625 	andseq	r0, r0, r5, lsr #12
 bdc:	00062000 	andeq	r2, r6, r0
 be0:	9c010000 	stcls	0, cr0, [r1], {-0}
 be4:	00043522 	andeq	r3, r4, r2, lsr #10
 be8:	061c0100 	ldreq	r0, [ip], -r0, lsl #2
 bec:	20000000 	andcs	r0, r0, r0
 bf0:	0000000c 	andeq	r0, r0, ip
 bf4:	Address 0x0000000000000bf4 is out of bounds.


Disassembly of section .debug_abbrev:

00000000 <.debug_abbrev>:
   0:	25011101 	strcs	r1, [r1, #-257]	; 0xfffffeff
   4:	030b130e 	movweq	r1, #45838	; 0xb30e
   8:	550e1b0e 	strpl	r1, [lr, #-2830]	; 0xfffff4f2
   c:	10011117 	andne	r1, r1, r7, lsl r1
  10:	02000017 	andeq	r0, r0, #23, 0
  14:	0b0b0024 	bleq	2c00ac <startup-0x1fd3ff54>
  18:	08030b3e 	stmdaeq	r3, {r1, r2, r3, r4, r5, r8, r9, fp}
  1c:	24030000 	strcs	r0, [r3], #-0
  20:	3e0b0b00 	vmlacc.f64	d0, d11, d0
  24:	000e030b 	andeq	r0, lr, fp, lsl #6
  28:	00160400 	andseq	r0, r6, r0, lsl #8
  2c:	0b3a0e03 	bleq	e83840 <startup-0x1f17c7c0>
  30:	0b390b3b 	bleq	e42d24 <startup-0x1f1bd2dc>
  34:	00001349 	andeq	r1, r0, r9, asr #6
  38:	0b000f05 	bleq	3c54 <startup-0x1fffc3ac>
  3c:	0013490b 	andseq	r4, r3, fp, lsl #18
  40:	00130600 	andseq	r0, r3, r0, lsl #12
  44:	193c0e03 	ldmdbne	ip!, {r0, r1, r9, sl, fp}
  48:	16070000 	strne	r0, [r7], -r0
  4c:	3a0e0300 	bcc	380c54 <startup-0x1fc7f3ac>
  50:	39053b0b 	stmdbcc	r5, {r0, r1, r3, r8, r9, fp, ip, sp}
  54:	0013490b 	andseq	r4, r3, fp, lsl #18
  58:	01170800 	tsteq	r7, r0, lsl #16
  5c:	0b3a0b0b 	bleq	e82c90 <startup-0x1f17d370>
  60:	0b390b3b 	bleq	e42d54 <startup-0x1f1bd2ac>
  64:	00001301 	andeq	r1, r0, r1, lsl #6
  68:	03000d09 	movweq	r0, #3337	; 0xd09
  6c:	3b0b3a0e 	blcc	2ce8ac <startup-0x1fd31754>
  70:	490b390b 	stmdbmi	fp, {r0, r1, r3, r8, fp, ip, sp}
  74:	0a000013 	beq	c8 <startup-0x1fffff38>
  78:	13490101 	movtne	r0, #37121	; 0x9101
  7c:	00001301 	andeq	r1, r0, r1, lsl #6
  80:	4900210b 	stmdbmi	r0, {r0, r1, r3, r8, sp}
  84:	000b2f13 	andeq	r2, fp, r3, lsl pc
  88:	01130c00 	tsteq	r3, r0, lsl #24
  8c:	0b3a0b0b 	bleq	e82cc0 <startup-0x1f17d340>
  90:	0b390b3b 	bleq	e42d84 <startup-0x1f1bd27c>
  94:	00001301 	andeq	r1, r0, r1, lsl #6
  98:	03000d0d 	movweq	r0, #3341	; 0xd0d
  9c:	3b0b3a0e 	blcc	2ce8dc <startup-0x1fd31724>
  a0:	490b390b 	stmdbmi	fp, {r0, r1, r3, r8, fp, ip, sp}
  a4:	000b3813 	andeq	r3, fp, r3, lsl r8
  a8:	000f0e00 	andeq	r0, pc, r0, lsl #28
  ac:	00000b0b 	andeq	r0, r0, fp, lsl #22
  b0:	4900260f 	stmdbmi	r0, {r0, r1, r2, r3, r9, sl, sp}
  b4:	10000013 	andne	r0, r0, r3, lsl r0
  b8:	0e030113 	mcreq	1, 0, r0, cr3, cr3, {0}
  bc:	0b3a0b0b 	bleq	e82cf0 <startup-0x1f17d310>
  c0:	0b390b3b 	bleq	e42db4 <startup-0x1f1bd24c>
  c4:	00001301 	andeq	r1, r0, r1, lsl #6
  c8:	03000d11 	movweq	r0, #3345	; 0xd11
  cc:	3b0b3a08 	blcc	2ce8f4 <startup-0x1fd3170c>
  d0:	490b390b 	stmdbmi	fp, {r0, r1, r3, r8, fp, ip, sp}
  d4:	000b3813 	andeq	r3, fp, r3, lsl r8
  d8:	01131200 	tsteq	r3, r0, lsl #4
  dc:	050b0e03 	streq	r0, [fp, #-3587]	; 0xfffff1fd
  e0:	0b3b0b3a 	bleq	ec2dd0 <startup-0x1f13d230>
  e4:	13010b39 	movwne	r0, #6969	; 0x1b39
  e8:	0d130000 	ldceq	0, cr0, [r3, #-0]
  ec:	3a0e0300 	bcc	380cf4 <startup-0x1fc7f30c>
  f0:	390b3b0b 	stmdbcc	fp, {r0, r1, r3, r8, r9, fp, ip, sp}
  f4:	3813490b 	ldmdacc	r3, {r0, r1, r3, r8, fp, lr}
  f8:	14000005 	strne	r0, [r0], #-5
  fc:	19270015 	stmdbne	r7!, {r0, r2, r4}
 100:	15150000 	ldrne	r0, [r5, #-0]
 104:	49192701 	ldmdbmi	r9, {r0, r8, r9, sl, sp}
 108:	00130113 	andseq	r0, r3, r3, lsl r1
 10c:	00051600 	andeq	r1, r5, r0, lsl #12
 110:	00001349 	andeq	r1, r0, r9, asr #6
 114:	03011317 	movweq	r1, #4887	; 0x1317
 118:	3a050b0e 	bcc	142d58 <startup-0x1febd2a8>
 11c:	39053b0b 	stmdbcc	r5, {r0, r1, r3, r8, r9, fp, ip, sp}
 120:	0013010b 	andseq	r0, r3, fp, lsl #2
 124:	000d1800 	andeq	r1, sp, r0, lsl #16
 128:	0b3a0e03 	bleq	e8393c <startup-0x1f17c6c4>
 12c:	0b39053b 	bleq	e41620 <startup-0x1f1be9e0>
 130:	0b381349 	bleq	e04e5c <startup-0x1f1fb1a4>
 134:	0d190000 	ldceq	0, cr0, [r9, #-0]
 138:	3a0e0300 	bcc	380d40 <startup-0x1fc7f2c0>
 13c:	39053b0b 	stmdbcc	r5, {r0, r1, r3, r8, r9, fp, ip, sp}
 140:	3813490b 	ldmdacc	r3, {r0, r1, r3, r8, fp, lr}
 144:	1a000005 	bne	160 <startup-0x1ffffea0>
 148:	0e030113 	mcreq	1, 0, r0, cr3, cr3, {0}
 14c:	0b3a0b0b 	bleq	e82d80 <startup-0x1f17d280>
 150:	0b39053b 	bleq	e41644 <startup-0x1f1be9bc>
 154:	00001301 	andeq	r1, r0, r1, lsl #6
 158:	0b01131b 	bleq	44dcc <startup-0x1ffbb234>
 15c:	3b0b3a0b 	blcc	2ce990 <startup-0x1fd31670>
 160:	010b3905 	tsteq	fp, r5, lsl #18
 164:	1c000013 	stcne	0, cr0, [r0], {19}
 168:	0b0b0117 	bleq	2c05cc <startup-0x1fd3fa34>
 16c:	053b0b3a 	ldreq	r0, [fp, #-2874]!	; 0xfffff4c6
 170:	13010b39 	movwne	r0, #6969	; 0x1b39
 174:	0d1d0000 	ldceq	0, cr0, [sp, #-0]
 178:	3a0e0300 	bcc	380d80 <startup-0x1fc7f280>
 17c:	39053b0b 	stmdbcc	r5, {r0, r1, r3, r8, r9, fp, ip, sp}
 180:	0013490b 	andseq	r4, r3, fp, lsl #18
 184:	01151e00 	tsteq	r5, r0, lsl #28
 188:	13011927 	movwne	r1, #6439	; 0x1927
 18c:	341f0000 	ldrcc	r0, [pc], #-0	; 194 <startup-0x1ffffe6c>
 190:	3a0e0300 	bcc	380d98 <startup-0x1fc7f268>
 194:	39053b0b 	stmdbcc	r5, {r0, r1, r3, r8, r9, fp, ip, sp}
 198:	3f13490b 	svccc	0x0013490b
 19c:	00193c19 	andseq	r3, r9, r9, lsl ip
 1a0:	012e2000 			; <UNDEFINED> instruction: 0x012e2000
 1a4:	0e03193f 			; <UNDEFINED> instruction: 0x0e03193f
 1a8:	0b3b0b3a 	bleq	ec2e98 <startup-0x1f13d168>
 1ac:	19270b39 	stmdbne	r7!, {r0, r3, r4, r5, r8, r9, fp}
 1b0:	06120111 			; <UNDEFINED> instruction: 0x06120111
 1b4:	42961840 	addsmi	r1, r6, #64, 16	; 0x400000
 1b8:	00130119 	andseq	r0, r3, r9, lsl r1
 1bc:	00052100 	andeq	r2, r5, r0, lsl #2
 1c0:	0b3a0803 	bleq	e821d4 <startup-0x1f17de2c>
 1c4:	0b390b3b 	bleq	e42eb8 <startup-0x1f1bd148>
 1c8:	18021349 	stmdane	r2, {r0, r3, r6, r8, r9, ip}
 1cc:	2e220000 	cdpcs	0, 2, cr0, cr2, cr0, {0}
 1d0:	03193f00 	tsteq	r9, #0, 30
 1d4:	3b0b3a0e 	blcc	2cea14 <startup-0x1fd315ec>
 1d8:	270b390b 	strcs	r3, [fp, -fp, lsl #18]
 1dc:	12011119 	andne	r1, r1, #1073741830	; 0x40000006
 1e0:	97184006 	ldrls	r4, [r8, -r6]
 1e4:	00001942 	andeq	r1, r0, r2, asr #18
 1e8:	3f012e23 	svccc	0x00012e23
 1ec:	3a0e0319 	bcc	380e58 <startup-0x1fc7f1a8>
 1f0:	390b3b0b 	stmdbcc	fp, {r0, r1, r3, r8, r9, fp, ip, sp}
 1f4:	1119270b 	tstne	r9, fp, lsl #14
 1f8:	40061201 	andmi	r1, r6, r1, lsl #4
 1fc:	19429718 	stmdbne	r2, {r3, r4, r8, r9, sl, ip, pc}^
 200:	00001301 	andeq	r1, r0, r1, lsl #6
 204:	03003424 	movweq	r3, #1060	; 0x424
 208:	3b0b3a0e 	blcc	2cea48 <startup-0x1fd315b8>
 20c:	490b390b 	stmdbmi	fp, {r0, r1, r3, r8, fp, ip, sp}
 210:	00180213 	andseq	r0, r8, r3, lsl r2
 214:	012e2500 			; <UNDEFINED> instruction: 0x012e2500
 218:	0e03193f 			; <UNDEFINED> instruction: 0x0e03193f
 21c:	0b3b0b3a 	bleq	ec2f0c <startup-0x1f13d0f4>
 220:	19270b39 	stmdbne	r7!, {r0, r3, r4, r5, r8, r9, fp}
 224:	01111349 	tsteq	r1, r9, asr #6
 228:	18400612 	stmdane	r0, {r1, r4, r9, sl}^
 22c:	01194296 			; <UNDEFINED> instruction: 0x01194296
 230:	26000013 			; <UNDEFINED> instruction: 0x26000013
 234:	0e030034 	mcreq	0, 0, r0, cr3, cr4, {1}
 238:	0b3b0b3a 	bleq	ec2f28 <startup-0x1f13d0d8>
 23c:	13490b39 	movtne	r0, #39737	; 0x9b39
 240:	34270000 	strtcc	r0, [r7], #-0
 244:	3a080300 	bcc	200e4c <startup-0x1fdff1b4>
 248:	390b3b0b 	stmdbcc	fp, {r0, r1, r3, r8, r9, fp, ip, sp}
 24c:	0213490b 	andseq	r4, r3, #180224	; 0x2c000
 250:	28000018 	stmdacs	r0, {r3, r4}
 254:	193f012e 	ldmdbne	pc!, {r1, r2, r3, r5, r8}	; <UNPREDICTABLE>
 258:	0b3a0803 	bleq	e8226c <startup-0x1f17dd94>
 25c:	13490b3b 	movtne	r0, #39739	; 0x9b3b
 260:	1301193c 	movwne	r1, #6460	; 0x193c
 264:	18290000 	stmdane	r9!, {}	; <UNPREDICTABLE>
 268:	2a000000 	bcs	270 <startup-0x1ffffd90>
 26c:	0111010b 	tsteq	r1, fp, lsl #2
 270:	13010612 	movwne	r0, #5650	; 0x1612
 274:	2e2b0000 	cdpcs	0, 2, cr0, cr11, cr0, {0}
 278:	03193f01 	tsteq	r9, #1, 30
 27c:	3b0b3a08 	blcc	2ceaa4 <startup-0x1fd3155c>
 280:	3c13490b 			; <UNDEFINED> instruction: 0x3c13490b
 284:	2c000019 	stccs	0, cr0, [r0], {25}
 288:	193f012e 	ldmdbne	pc!, {r1, r2, r3, r5, r8}	; <UNPREDICTABLE>
 28c:	0b3a0e03 	bleq	e83aa0 <startup-0x1f17c560>
 290:	0b390b3b 	bleq	e42f84 <startup-0x1f1bd07c>
 294:	193c1349 	ldmdbne	ip!, {r0, r3, r6, r8, r9, ip}
 298:	0b2d0000 	bleq	b402a0 <startup-0x1f4bfd60>
 29c:	12011101 	andne	r1, r1, #1073741824	; 0x40000000
 2a0:	00000006 	andeq	r0, r0, r6

Disassembly of section .debug_aranges:

00000000 <.debug_aranges>:
   0:	00000024 	andeq	r0, r0, r4, lsr #32
   4:	00000002 	andeq	r0, r0, r2
   8:	00040000 	andeq	r0, r4, r0
   c:	00000000 	andeq	r0, r0, r0
  10:	20000010 	andcs	r0, r0, r0, lsl r0
  14:	000002d6 	ldrdeq	r0, [r0], -r6
  18:	20000000 	andcs	r0, r0, r0
  1c:	0000000c 	andeq	r0, r0, ip
	...

Disassembly of section .debug_ranges:

00000000 <.debug_ranges>:
   0:	20000010 	andcs	r0, r0, r0, lsl r0
   4:	200002e6 	andcs	r0, r0, r6, ror #5
   8:	20000000 	andcs	r0, r0, r0
   c:	2000000c 	andcs	r0, r0, ip
	...

Disassembly of section .debug_line:

00000000 <.debug_line>:
   0:	0000037e 	andeq	r0, r0, lr, ror r3
   4:	01650003 	cmneq	r5, r3
   8:	01020000 	mrseq	r0, (UNDEF: 2)
   c:	000d0efb 	strdeq	r0, [sp], -fp
  10:	01010101 	tsteq	r1, r1, lsl #2
  14:	01000000 	mrseq	r0, (UNDEF: 0)
  18:	2f010000 	svccs	0x00010000
  1c:	72657355 	rsbvc	r7, r5, #1409286145	; 0x54000001
  20:	616a2f73 	smcvs	41715	; 0xa2f3
  24:	62626f63 	rsbvs	r6, r2, #396	; 0x18c
  28:	66677265 	strbtvs	r7, [r7], -r5, ror #4
  2c:	2f6b6c61 	svccs	0x006b6c61
  30:	6b736544 	blvs	1cd9548 <startup-0x1e326ab8>
  34:	2f706f74 	svccs	0x00706f74
  38:	72702d43 	rsbsvc	r2, r0, #4288	; 0x10c0
  3c:	6172676f 	cmnvs	r2, pc, ror #14
  40:	72656d6d 	rsbvc	r6, r5, #6976	; 0x1b40
  44:	2f676e69 	svccs	0x00676e69
  48:	6c706f6d 	ldclvs	15, cr6, [r0], #-436	; 0xfffffe4c
  4c:	726f6261 	rsbvc	r6, pc, #268435462	; 0x10000006
  50:	6f697461 	svcvs	0x00697461
  54:	2f72656e 	svccs	0x0072656e
  58:	70617267 	rsbvc	r7, r1, r7, ror #4
  5c:	64636968 	strbtvs	r6, [r3], #-2408	; 0xfffff698
  60:	6c707369 	ldclvs	3, cr7, [r0], #-420	; 0xfffffe5c
  64:	2f007961 	svccs	0x00007961
  68:	6c707041 	ldclvs	0, cr7, [r0], #-260	; 0xfffffefc
  6c:	74616369 	strbtvc	r6, [r1], #-873	; 0xfffffc97
  70:	736e6f69 	cmnvc	lr, #420	; 0x1a4
  74:	646f632f 	strbtvs	r6, [pc], #-815	; 7c <startup-0x1fffff84>
  78:	74696c65 	strbtvc	r6, [r9], #-3173	; 0xfffff39b
  7c:	70612e65 	rsbvc	r2, r1, r5, ror #28
  80:	6f432f70 	svcvs	0x00432f70
  84:	6e65746e 	cdpvs	4, 6, cr7, cr5, cr14, {3}
  88:	532f7374 			; <UNDEFINED> instruction: 0x532f7374
  8c:	65726168 	ldrbvs	r6, [r2, #-360]!	; 0xfffffe98
  90:	70755364 	rsbsvc	r5, r5, r4, ror #6
  94:	74726f70 	ldrbtvc	r6, [r2], #-3952	; 0xfffff090
  98:	6f6f742f 	svcvs	0x006f742f
  9c:	672f736c 	strvs	r7, [pc, -ip, ror #6]!
  a0:	612d6363 			; <UNDEFINED> instruction: 0x612d6363
  a4:	612f6d72 			; <UNDEFINED> instruction: 0x612f6d72
  a8:	6e2d6d72 	mcrvs	13, 1, r6, cr13, cr2, {3}
  ac:	2d656e6f 	stclcs	14, cr6, [r5, #-444]!	; 0xfffffe44
  b0:	69626165 	stmdbvs	r2!, {r0, r2, r5, r6, r8, sp, lr}^
  b4:	636e692f 	cmnvs	lr, #770048	; 0xbc000
  b8:	6564756c 	strbvs	r7, [r4, #-1388]!	; 0xfffffa94
  bc:	7379732f 	cmnvc	r9, #-1140850688	; 0xbc000000
  c0:	70412f00 	subvc	r2, r1, r0, lsl #30
  c4:	63696c70 	cmnvs	r9, #112, 24	; 0x7000
  c8:	6f697461 	svcvs	0x00697461
  cc:	632f736e 			; <UNDEFINED> instruction: 0x632f736e
  d0:	6c65646f 	cfstrdvs	mvd6, [r5], #-444	; 0xfffffe44
  d4:	2e657469 	cdpcs	4, 6, cr7, cr5, cr9, {3}
  d8:	2f707061 	svccs	0x00707061
  dc:	746e6f43 	strbtvc	r6, [lr], #-3907	; 0xfffff0bd
  e0:	73746e65 	cmnvc	r4, #1616	; 0x650
  e4:	6168532f 	cmnvs	r8, pc, lsr #6
  e8:	53646572 	cmnpl	r4, #478150656	; 0x1c800000
  ec:	6f707075 	svcvs	0x00707075
  f0:	742f7472 	strtvc	r7, [pc], #-1138	; f8 <startup-0x1fffff08>
  f4:	736c6f6f 	cmnvc	ip, #444	; 0x1bc
  f8:	6363672f 	cmnvs	r3, #12320768	; 0xbc0000
  fc:	6d72612d 	ldfvse	f6, [r2, #-180]!	; 0xffffff4c
 100:	62696c2f 	rsbvs	r6, r9, #12032	; 0x2f00
 104:	6363672f 	cmnvs	r3, #12320768	; 0xbc0000
 108:	6d72612f 	ldfvse	f6, [r2, #-188]!	; 0xffffff44
 10c:	6e6f6e2d 	cdpvs	14, 6, cr6, cr15, cr13, {1}
 110:	61652d65 	cmnvs	r5, r5, ror #26
 114:	392f6962 	stmdbcc	pc!, {r1, r5, r6, r8, fp, sp, lr}	; <UNPREDICTABLE>
 118:	312e322e 			; <UNDEFINED> instruction: 0x312e322e
 11c:	636e692f 	cmnvs	lr, #770048	; 0xbc000
 120:	6564756c 	strbvs	r7, [r4, #-1388]!	; 0xfffffa94
 124:	74730000 	ldrbtvc	r0, [r3], #-0
 128:	75747261 	ldrbvc	r7, [r4, #-609]!	; 0xfffffd9f
 12c:	00632e70 	rsbeq	r2, r3, r0, ror lr
 130:	6c000001 	stcvs	0, cr0, [r0], {1}
 134:	2e6b636f 	cdpcs	3, 6, cr6, cr11, cr15, {3}
 138:	00020068 	andeq	r0, r2, r8, rrx
 13c:	79745f00 	ldmdbvc	r4!, {r8, r9, sl, fp, ip, lr}^
 140:	2e736570 	mrccs	5, 3, r6, cr3, cr0, {3}
 144:	00020068 	andeq	r0, r2, r8, rrx
 148:	64747300 	ldrbtvs	r7, [r4], #-768	; 0xfffffd00
 14c:	2e666564 	cdpcs	5, 6, cr6, cr6, cr4, {3}
 150:	00030068 	andeq	r0, r3, r8, rrx
 154:	65657200 	strbvs	r7, [r5, #-512]!	; 0xfffffe00
 158:	682e746e 	stmdavs	lr!, {r1, r2, r3, r5, r6, sl, ip, sp, lr}
 15c:	00000200 	andeq	r0, r0, r0, lsl #4
 160:	6975623c 	ldmdbvs	r5!, {r2, r3, r4, r5, r9, sp, lr}^
 164:	692d746c 	pushvs	{r2, r3, r5, r6, sl, ip, sp, lr}
 168:	00003e6e 	andeq	r3, r0, lr, ror #28
 16c:	05000000 	streq	r0, [r0, #-0]
 170:	02050001 	andeq	r0, r5, #1, 0
 174:	20000000 	andcs	r0, r0, r0
 178:	13011c03 	movwne	r1, #7171	; 0x1c03
 17c:	212f2121 			; <UNDEFINED> instruction: 0x212f2121
 180:	01000302 	tsteq	r0, r2, lsl #6
 184:	00200501 	eoreq	r0, r0, r1, lsl #10
 188:	00100205 	andseq	r0, r0, r5, lsl #4
 18c:	24032000 	strcs	r2, [r3], #-0
 190:	21050501 	tstcs	r5, r1, lsl #10
 194:	21010513 	tstcs	r1, r3, lsl r5
 198:	05232105 	streq	r2, [r3, #-261]!	; 0xfffffefb
 19c:	05132105 	ldreq	r2, [r3, #-261]	; 0xfffffefb
 1a0:	26052101 	strcs	r2, [r5], -r1, lsl #2
 1a4:	21050523 	tstcs	r5, r3, lsr #10
 1a8:	21010513 	tstcs	r1, r3, lsl r5
 1ac:	05232805 	streq	r2, [r3, #-2053]!	; 0xfffff7fb
 1b0:	05132105 	ldreq	r2, [r3, #-261]	; 0xfffffefb
 1b4:	17052101 	strne	r2, [r5, -r1, lsl #2]
 1b8:	30050523 	andcc	r0, r5, r3, lsr #10
 1bc:	05202505 	streq	r2, [r0, #-1285]!	; 0xfffffafb
 1c0:	27052f05 	strcs	r2, [r5, -r5, lsl #30]
 1c4:	2f010520 	svccs	0x00010520
 1c8:	3e0505a1 	cfsh32cc	mvfx0, mvfx5, #-47
 1cc:	300b052f 	andcc	r0, fp, pc, lsr #10
 1d0:	052e0505 	streq	r0, [lr, #-1285]!	; 0xfffffafb
 1d4:	04020020 	streq	r0, [r2], #-32	; 0xffffffe0
 1d8:	1b052003 	blne	1481ec <startup-0x1feb7e14>
 1dc:	03040200 	movweq	r0, #16896	; 0x4200
 1e0:	00050558 	andeq	r0, r5, r8, asr r5
 1e4:	3c010402 	cfstrscc	mvf0, [r1], {2}
 1e8:	053d0b05 	ldreq	r0, [sp, #-2821]!	; 0xfffff4fb
 1ec:	1f052e05 	svcne	0x00052e05
 1f0:	03040200 	movweq	r0, #16896	; 0x4200
 1f4:	001a0520 	andseq	r0, sl, r0, lsr #10
 1f8:	58030402 	stmdapl	r3, {r1, sl}
 1fc:	02000505 	andeq	r0, r0, #20971520	; 0x1400000
 200:	3e3c0104 	rsfcce	f0, f4, f4
 204:	05590b05 	ldrbeq	r0, [r9, #-2821]	; 0xfffff4fb
 208:	20052e05 	andcs	r2, r5, r5, lsl #28
 20c:	03040200 	movweq	r0, #16896	; 0x4200
 210:	001b0520 	andseq	r0, fp, r0, lsr #10
 214:	58030402 	stmdapl	r3, {r1, sl}
 218:	02000505 	andeq	r0, r0, #20971520	; 0x1400000
 21c:	053c0104 	ldreq	r0, [ip, #-260]!	; 0xfffffefc
 220:	05053d0b 	streq	r3, [r5, #-3339]	; 0xfffff2f5
 224:	001f052e 	andseq	r0, pc, lr, lsr #10
 228:	20030402 	andcs	r0, r3, r2, lsl #8
 22c:	02001a05 	andeq	r1, r0, #20480	; 0x5000
 230:	05580304 	ldrbeq	r0, [r8, #-772]	; 0xfffffcfc
 234:	04020005 	streq	r0, [r2], #-5
 238:	01053c01 	tsteq	r5, r1, lsl #24
 23c:	5a17053d 	bpl	5c1738 <startup-0x1fa3e8c8>
 240:	054c0905 	strbeq	r0, [ip, #-2309]	; 0xfffff6fb
 244:	12052e34 	andne	r2, r5, #52, 28	; 0x340
 248:	3c1c053e 	cfldr32cc	mvfx0, [ip], {62}	; 0x3e
 24c:	052e1505 	streq	r1, [lr, #-1285]!	; 0xfffffafb
 250:	2b052009 	blcs	14827c <startup-0x1feb7d84>
 254:	3c35053c 	cfldr32cc	mvfx0, [r5], #-240	; 0xffffff10
 258:	052e2e05 	streq	r2, [lr, #-3589]!	; 0xfffff1fb
 25c:	07052022 	streq	r2, [r5, -r2, lsr #32]
 260:	0040053c 	subeq	r0, r0, ip, lsr r5
 264:	2e010402 	cdpcs	4, 0, cr0, cr1, cr2, {0}
 268:	05300705 	ldreq	r0, [r0, #-1797]!	; 0xfffff8fb
 26c:	09053d13 	stmdbeq	r5, {r0, r1, r4, r8, sl, fp, ip, sp}
 270:	201d052e 	andscs	r0, sp, lr, lsr #10
 274:	052e0905 	streq	r0, [lr, #-2309]!	; 0xfffff6fb
 278:	09054b13 	stmdbeq	r5, {r0, r1, r4, r8, r9, fp, lr}
 27c:	201d052e 	andscs	r0, sp, lr, lsr #10
 280:	052e0905 	streq	r0, [lr, #-2309]!	; 0xfffff6fb
 284:	09055b13 	stmdbeq	r5, {r0, r1, r4, r8, r9, fp, ip, lr}
 288:	201d052e 	andscs	r0, sp, lr, lsr #10
 28c:	052e0905 	streq	r0, [lr, #-2309]!	; 0xfffff6fb
 290:	09054b13 	stmdbeq	r5, {r0, r1, r4, r8, r9, fp, lr}
 294:	201d052e 	andscs	r0, sp, lr, lsr #10
 298:	052e0905 	streq	r0, [lr, #-2309]!	; 0xfffff6fb
 29c:	1d054d13 	stcne	13, cr4, [r5, #-76]	; 0xffffffb4
 2a0:	2e0c053c 	mcrcs	5, 0, r0, cr12, cr12, {1}
 2a4:	052f1705 	streq	r1, [pc, #-1797]!	; fffffba7 <__aeabi_idiv0+0xdffff7ab>
 2a8:	1a053c21 	bne	14f334 <startup-0x1feb0ccc>
 2ac:	200c052e 	andcs	r0, ip, lr, lsr #10
 2b0:	054b0b05 	strbeq	r0, [fp, #-2821]	; 0xfffff4fb
 2b4:	0705300e 	streq	r3, [r5, -lr]
 2b8:	220d052e 	andcs	r0, sp, #192937984	; 0xb800000
 2bc:	052e1705 	streq	r1, [lr, #-1797]!	; 0xfffff8fb
 2c0:	21052e07 	tstcs	r5, r7, lsl #28
 2c4:	01040200 	mrseq	r0, R12_usr
 2c8:	3016052e 	andscc	r0, r6, lr, lsr #10
 2cc:	052e0d05 	streq	r0, [lr, #-3333]!	; 0xfffff2fb
 2d0:	13052005 	movwne	r2, #20485	; 0x5005
 2d4:	2e180521 	cfmul64cs	mvdx0, mvdx8, mvdx1
 2d8:	05652805 	strbeq	r2, [r5, #-2053]!	; 0xfffff7fb
 2dc:	04020023 	streq	r0, [r2], #-35	; 0xffffffdd
 2e0:	05053c01 	streq	r3, [r5, #-3073]	; 0xfffff3ff
 2e4:	01040200 	mrseq	r0, R12_usr
 2e8:	410b053c 	tstmi	fp, ip, lsr r5
 2ec:	054b0a05 	strbeq	r0, [fp, #-2565]	; 0xfffff5fb
 2f0:	0b052e07 	bleq	14bb14 <startup-0x1feb44ec>
 2f4:	4b0f053d 	blmi	3c17f0 <startup-0x1fc3e810>
 2f8:	054d0105 	strbeq	r0, [sp, #-261]	; 0xfffffefb
 2fc:	0a055a19 	beq	156b68 <startup-0x1fea9498>
 300:	2f07055a 	svccs	0x0007055a
 304:	2f01052f 	svccs	0x0001052f
 308:	054c1805 	strbeq	r1, [ip, #-2053]	; 0xfffff7fb
 30c:	0f053105 	svceq	0x00053105
 310:	2f050520 	svccs	0x00050520
 314:	05200f05 	streq	r0, [r0, #-3845]!	; 0xfffff0fb
 318:	0e052f05 	cdpeq	15, 0, cr2, cr5, cr5, {0}
 31c:	2f050520 	svccs	0x00050520
 320:	05200f05 	streq	r0, [r0, #-3845]!	; 0xfffff0fb
 324:	0d052f0a 	stceq	15, cr2, [r5, #-40]	; 0xffffffd8
 328:	01040200 	mrseq	r0, R12_usr
 32c:	00170520 	andseq	r0, r7, r0, lsr #10
 330:	2e010402 	cdpcs	4, 0, cr0, cr1, cr2, {0}
 334:	02000a05 	andeq	r0, r0, #20480	; 0x5000
 338:	053c0104 	ldreq	r0, [ip, #-260]!	; 0xfffffefc
 33c:	0f052105 	svceq	0x00052105
 340:	2f010520 	svccs	0x00010520
 344:	05a02305 	streq	r2, [r0, #773]!	; 0x305
 348:	0b054d0c 	bleq	153780 <startup-0x1feac880>
 34c:	3f080583 	svccc	0x00080583
 350:	05840a05 	streq	r0, [r4, #2565]	; 0xa05
 354:	2f2f2305 	svccs	0x002f2305
 358:	2f07052f 	svccs	0x0007052f
 35c:	79030a05 	stmdbvc	r3, {r0, r2, r9, fp}
 360:	0301053c 	movweq	r0, #5436	; 0x153c
 364:	23053c09 	movwcs	r3, #23561	; 0x5c09
 368:	4c0a055a 	cfstr32mi	mvfx0, [sl], {90}	; 0x5a
 36c:	2f220505 	svccs	0x00220505
 370:	07052f2f 	streq	r2, [r5, -pc, lsr #30]
 374:	030a052f 	movweq	r0, #42287	; 0xa52f
 378:	01053c7a 	tsteq	r5, sl, ror ip
 37c:	00050244 	andeq	r0, r5, r4, asr #4
 380:	Address 0x0000000000000380 is out of bounds.


Disassembly of section .debug_str:

00000000 <.debug_str>:
   0:	6f73645f 	svcvs	0x0073645f
   4:	6e61685f 	mcrvs	8, 3, r6, cr1, cr15, {2}
   8:	00656c64 	rsbeq	r6, r5, r4, ror #24
   c:	7a69735f 	bvc	1a5cd90 <startup-0x1e5a3270>
  10:	725f0065 	subsvc	r0, pc, #101, 0	; 0x65
  14:	34646e61 	strbtcc	r6, [r4], #-3681	; 0xfffff19f
  18:	655f0038 	ldrbvs	r0, [pc, #-56]	; ffffffe8 <__aeabi_idiv0+0xdffffbec>
  1c:	6772656d 	ldrbvs	r6, [r2, -sp, ror #10]!
  20:	79636e65 	stmdbvc	r3!, {r0, r2, r5, r6, r9, sl, fp, sp, lr}^
  24:	6c656400 	cfstrdvs	mvd6, [r5], #-0
  28:	325f7961 	subscc	r7, pc, #1589248	; 0x184000
  2c:	736e3035 	cmnvc	lr, #53, 0	; 0x35
  30:	61645f00 	cmnvs	r4, r0, lsl #30
  34:	5f006174 	svcpl	0x00006174
  38:	74726377 	ldrbtvc	r6, [r2], #-887	; 0xfffffc89
  3c:	5f626d6f 	svcpl	0x00626d6f
  40:	74617473 	strbtvc	r7, [r1], #-1139	; 0xfffffb8d
  44:	775f0065 	ldrbvc	r0, [pc, -r5, rrx]
  48:	74727363 	ldrbtvc	r7, [r2], #-867	; 0xfffffc9d
  4c:	73626d6f 	cmnvc	r2, #7104	; 0x1bc0
  50:	6174735f 	cmnvs	r4, pc, asr r3
  54:	6c006574 	cfstr32vs	mvfx6, [r0], {116}	; 0x74
  58:	20676e6f 	rsbcs	r6, r7, pc, ror #28
  5c:	676e6f6c 	strbvs	r6, [lr, -ip, ror #30]!
  60:	736e7520 	cmnvc	lr, #32, 10	; 0x8000000
  64:	656e6769 	strbvs	r6, [lr, #-1897]!	; 0xfffff897
  68:	6e692064 	cdpvs	0, 6, cr2, cr9, cr4, {3}
  6c:	6c5f0074 	mrrcvs	0, 7, r0, pc, cr4	; <UNPREDICTABLE>
  70:	69736662 	ldmdbvs	r3!, {r1, r5, r6, r9, sl, sp, lr}^
  74:	5f00657a 	svcpl	0x0000657a
  78:	636f6c5f 	cmnvs	pc, #24320	; 0x5f00
  7c:	5f656c61 	svcpl	0x00656c61
  80:	6d5f0074 	ldclvs	0, cr0, [pc, #-464]	; fffffeb8 <__aeabi_idiv0+0xdffffabc>
  84:	6f747262 	svcvs	0x00747262
  88:	735f6377 	cmpvc	pc, #-603979775	; 0xdc000001
  8c:	65746174 	ldrbvs	r6, [r4, #-372]!	; 0xfffffe8c
  90:	745f5f00 	ldrbvc	r5, [pc], #-3840	; 98 <startup-0x1fffff68>
  94:	65735f6d 	ldrbvs	r5, [r3, #-3949]!	; 0xfffff093
  98:	6f6c0063 	svcvs	0x006c0063
  9c:	6c20676e 	stcvs	7, cr6, [r0], #-440	; 0xfffffe48
  a0:	20676e6f 	rsbcs	r6, r7, pc, ror #28
  a4:	00746e69 	rsbseq	r6, r4, r9, ror #28
  a8:	7562755f 	strbvc	r7, [r2, #-1375]!	; 0xfffffaa1
  ac:	625f0066 	subsvs	r0, pc, #102, 0	; 0x66
  b0:	00657361 	rsbeq	r7, r5, r1, ror #6
  b4:	6d745f5f 	ldclvs	15, cr5, [r4, #-380]!	; 0xfffffe84
  b8:	756f685f 	strbvc	r6, [pc, #-2143]!	; fffff861 <__aeabi_idiv0+0xdffff465>
  bc:	5f5f0072 	svcpl	0x005f0072
  c0:	5f006673 	svcpl	0x00006673
  c4:	655f6e6f 	ldrbvs	r6, [pc, #-3695]	; fffff25d <__aeabi_idiv0+0xdfffee61>
  c8:	5f746978 	svcpl	0x00746978
  cc:	73677261 	cmnvc	r7, #268435462	; 0x10000006
  d0:	6f635f00 	svcvs	0x00635f00
  d4:	65696b6f 	strbvs	r6, [r9, #-2927]!	; 0xfffff491
  d8:	735f5f00 	cmpvc	pc, #0, 30
  dc:	65756c67 	ldrbvs	r6, [r5, #-3175]!	; 0xfffff399
  e0:	6d657400 	cfstrdvs	mvd7, [r5, #-0]
  e4:	665f0070 			; <UNDEFINED> instruction: 0x665f0070
  e8:	7367616c 	cmnvc	r7, #27
  ec:	73695f00 	cmnvc	r9, #0, 30
  f0:	6178635f 	cmnvs	r8, pc, asr r3
  f4:	74735f00 	ldrbtvc	r5, [r3], #-3840	; 0xfffff100
  f8:	006e6964 	rsbeq	r6, lr, r4, ror #18
  fc:	6b6c625f 	blvs	1b18a80 <startup-0x1e4e7580>
 100:	657a6973 	ldrbvs	r6, [sl, #-2419]!	; 0xfffff68d
 104:	756f6400 	strbvc	r6, [pc, #-1024]!	; fffffd0c <__aeabi_idiv0+0xdffff910>
 108:	00656c62 	rsbeq	r6, r5, r2, ror #24
 10c:	7476635f 	ldrbtvc	r6, [r6], #-863	; 0xfffffca1
 110:	00667562 	rsbeq	r7, r6, r2, ror #10
 114:	66666f5f 	uqsaxvs	r6, r6, pc	; <UNPREDICTABLE>
 118:	00746573 	rsbseq	r6, r4, r3, ror r5
 11c:	73626d5f 	cmnvc	r2, #6080	; 0x17c0
 120:	776f7472 			; <UNDEFINED> instruction: 0x776f7472
 124:	735f7363 	cmpvc	pc, #-1946157055	; 0x8c000001
 128:	65746174 	ldrbvs	r6, [r4, #-372]!	; 0xfffffe8c
 12c:	494f5000 	stmdbmi	pc, {ip, lr}^	; <UNPREDICTABLE>
 130:	5f00544e 	svcpl	0x0000544e
 134:	6c72626d 	lfmvs	f6, 2, [r2], #-436	; 0xfffffe4c
 138:	735f6e65 	cmpvc	pc, #1616	; 0x650
 13c:	65746174 	ldrbvs	r6, [r4, #-372]!	; 0xfffffe8c
 140:	6e665f00 	cdpvs	15, 6, cr5, cr6, cr0, {0}
 144:	73677261 	cmnvc	r7, #268435462	; 0x10000006
 148:	6e665f00 	cdpvs	15, 6, cr5, cr6, cr0, {0}
 14c:	65640073 	strbvs	r0, [r4, #-115]!	; 0xffffff8d
 150:	7961746c 	stmdbvc	r1!, {r2, r3, r5, r6, sl, ip, sp, lr}^
 154:	69735f00 	ldmdbvs	r3!, {r8, r9, sl, fp, ip, lr}^
 158:	5f006e67 	svcpl	0x00006e67
 15c:	636f6c66 	cmnvs	pc, #26112	; 0x6600
 160:	00745f6b 	rsbseq	r5, r4, fp, ror #30
 164:	6474735f 	ldrbtvs	r7, [r4], #-863	; 0xfffffca1
 168:	00727265 	rsbseq	r7, r2, r5, ror #4
 16c:	6769425f 			; <UNDEFINED> instruction: 0x6769425f
 170:	00746e69 	rsbseq	r6, r4, r9, ror #28
 174:	6d61675f 	stclvs	7, cr6, [r1, #-380]!	; 0xfffffe84
 178:	735f616d 	cmpvc	pc, #1073741851	; 0x4000001b
 17c:	676e6769 	strbvs	r6, [lr, -r9, ror #14]!
 180:	5f006d61 	svcpl	0x00006d61
 184:	64616572 	strbtvs	r6, [r1], #-1394	; 0xfffffa8e
 188:	65725f00 	ldrbvs	r5, [r2, #-3840]!	; 0xfffff100
 18c:	746c7573 	strbtvc	r7, [ip], #-1395	; 0xfffffa8d
 190:	5f006b5f 	svcpl	0x00006b5f
 194:	006d745f 	rsbeq	r7, sp, pc, asr r4
 198:	63775f5f 	cmnvs	r7, #380	; 0x17c
 19c:	5f006268 	svcpl	0x00006268
 1a0:	6f647473 	svcvs	0x00647473
 1a4:	5f007475 	svcpl	0x00007475
 1a8:	6c747663 	ldclvs	6, cr7, [r4], #-396	; 0xfffffe74
 1ac:	5f006e65 	svcpl	0x00006e65
 1b0:	656c6966 	strbvs	r6, [ip, #-2406]!	; 0xfffff69a
 1b4:	696e5f00 	stmdbvs	lr!, {r8, r9, sl, fp, ip, lr}^
 1b8:	0073626f 	rsbseq	r6, r3, pc, ror #4
 1bc:	70617267 	rsbvc	r7, r1, r7, ror #4
 1c0:	5f636968 	svcpl	0x00636968
 1c4:	65786970 	ldrbvs	r6, [r8, #-2416]!	; 0xfffff690
 1c8:	6c635f6c 	stclvs	15, cr5, [r3], #-432	; 0xfffffe50
 1cc:	00726165 	rsbseq	r6, r2, r5, ror #2
 1d0:	726f6873 	rsbvc	r6, pc, #7536640	; 0x730000
 1d4:	6e752074 	mrcvs	0, 3, r2, cr5, cr4, {3}
 1d8:	6e676973 			; <UNDEFINED> instruction: 0x6e676973
 1dc:	69206465 	stmdbvs	r0!, {r0, r2, r5, r6, sl, sp, lr}
 1e0:	6700746e 	strvs	r7, [r0, -lr, ror #8]
 1e4:	68706172 	ldmdavs	r0!, {r1, r4, r5, r6, r8, sp, lr}^
 1e8:	695f6369 	ldmdbvs	pc, {r0, r3, r5, r6, r8, r9, sp, lr}^	; <UNPREDICTABLE>
 1ec:	6974696e 	ldmdbvs	r4!, {r1, r2, r3, r5, r6, r8, fp, sp, lr}^
 1f0:	696c6c61 	stmdbvs	ip!, {r0, r5, r6, sl, fp, sp, lr}^
 1f4:	5f00657a 	svcpl	0x0000657a
 1f8:	78657461 	stmdavc	r5!, {r0, r5, r6, sl, ip, sp, lr}^
 1fc:	00307469 	eorseq	r7, r0, r9, ror #8
 200:	616c6564 	cmnvs	ip, r4, ror #10
 204:	696d5f79 	stmdbvs	sp!, {r0, r3, r4, r5, r6, r8, r9, sl, fp, ip, lr}^
 208:	006f726b 	rsbeq	r7, pc, fp, ror #4
 20c:	6769735f 			; <UNDEFINED> instruction: 0x6769735f
 210:	5f6c616e 	svcpl	0x006c616e
 214:	00667562 	rsbeq	r7, r6, r2, ror #10
 218:	6373615f 	cmnvs	r3, #-1073741801	; 0xc0000017
 21c:	656d6974 	strbvs	r6, [sp, #-2420]!	; 0xfffff68c
 220:	6675625f 			; <UNDEFINED> instruction: 0x6675625f
 224:	73552f00 	cmpvc	r5, #0, 30
 228:	2f737265 	svccs	0x00737265
 22c:	6f63616a 	svcvs	0x0063616a
 230:	72656262 	rsbvc	r6, r5, #536870918	; 0x20000006
 234:	6c616667 	stclvs	6, cr6, [r1], #-412	; 0xfffffe64
 238:	65442f6b 	strbvs	r2, [r4, #-3947]	; 0xfffff095
 23c:	6f746b73 	svcvs	0x00746b73
 240:	2d432f70 	stclcs	15, cr2, [r3, #-448]	; 0xfffffe40
 244:	676f7270 			; <UNDEFINED> instruction: 0x676f7270
 248:	6d6d6172 	stfvse	f6, [sp, #-456]!	; 0xfffffe38
 24c:	6e697265 	cdpvs	2, 6, cr7, cr9, cr5, {3}
 250:	6f6d2f67 	svcvs	0x006d2f67
 254:	62616c70 	rsbvs	r6, r1, #112, 24	; 0x7000
 258:	7461726f 	strbtvc	r7, [r1], #-623	; 0xfffffd91
 25c:	656e6f69 	strbvs	r6, [lr, #-3945]!	; 0xfffff097
 260:	72672f72 	rsbvc	r2, r7, #456	; 0x1c8
 264:	69687061 	stmdbvs	r8!, {r0, r5, r6, ip, sp, lr}^
 268:	73696463 	cmnvc	r9, #1660944384	; 0x63000000
 26c:	79616c70 	stmdbvc	r1!, {r4, r5, r6, sl, fp, sp, lr}^
 270:	65725f00 	ldrbvs	r5, [r2, #-3840]!	; 0xfffff100
 274:	746c7573 	strbtvc	r7, [ip], #-1395	; 0xfffffa8d
 278:	775f5f00 	ldrbvc	r5, [pc, -r0, lsl #30]
 27c:	5f006863 	svcpl	0x00006863
 280:	4b434f4c 	blmi	10d3fb8 <startup-0x1ef2c048>
 284:	7700545f 	smlsdvc	r0, pc, r4, r5	; <UNPREDICTABLE>
 288:	5f746e69 	svcpl	0x00746e69
 28c:	665f0074 			; <UNDEFINED> instruction: 0x665f0074
 290:	7367616c 	cmnvc	r7, #27
 294:	72670032 	rsbvc	r0, r7, #50, 0	; 0x32
 298:	69687061 	stmdbvs	r8!, {r0, r5, r6, ip, sp, lr}^
 29c:	69705f63 	ldmdbvs	r0!, {r0, r1, r5, r6, r8, r9, sl, fp, ip, lr}^
 2a0:	5f6c6578 	svcpl	0x006c6578
 2a4:	00746573 	rsbseq	r6, r4, r3, ror r5
 2a8:	6972775f 	ldmdbvs	r2!, {r0, r1, r2, r3, r4, r6, r8, r9, sl, ip, sp, lr}^
 2ac:	5f006574 	svcpl	0x00006574
 2b0:	5f6d745f 	svcpl	0x006d745f
 2b4:	72616579 	rsbvc	r6, r1, #507510784	; 0x1e400000
 2b8:	6d6e5f00 	stclvs	15, cr5, [lr, #-0]
 2bc:	6f6c6c61 	svcvs	0x006c6c61
 2c0:	73790063 	cmnvc	r9, #99, 0	; 0x63
 2c4:	00706574 	rsbseq	r6, r0, r4, ror r5
 2c8:	77617264 	strbvc	r7, [r1, -r4, ror #4]!
 2cc:	6e696c5f 	mcrvs	12, 3, r6, cr9, cr15, {2}
 2d0:	74730065 	ldrbtvc	r0, [r3], #-101	; 0xffffff9b
 2d4:	00706565 	rsbseq	r6, r0, r5, ror #10
 2d8:	78656e5f 	stmdavc	r5!, {r0, r1, r2, r3, r4, r6, r9, sl, fp, sp, lr}^
 2dc:	5f006674 	svcpl	0x00006674
 2e0:	00383472 	eorseq	r3, r8, r2, ror r4
 2e4:	6d745f5f 	ldclvs	15, cr5, [r4, #-380]!	; 0xfffffe84
 2e8:	6e6f6d5f 	mcrvs	13, 3, r6, cr15, cr15, {2}
 2ec:	74615f00 	strbtvc	r5, [r1], #-3840	; 0xfffff100
 2f0:	74697865 	strbtvc	r7, [r9], #-2149	; 0xfffff79b
 2f4:	735f5f00 	cmpvc	pc, #0, 30
 2f8:	69646964 	stmdbvs	r4!, {r2, r5, r6, r8, fp, sp, lr}^
 2fc:	0074696e 	rsbseq	r6, r4, lr, ror #18
 300:	66666f5f 	uqsaxvs	r6, r6, pc	; <UNPREDICTABLE>
 304:	7300745f 	movwvc	r7, #1119	; 0x45f
 308:	00706177 	rsbseq	r6, r0, r7, ror r1
 30c:	616f6c66 	cmnvs	pc, r6, ror #24
 310:	665f0074 			; <UNDEFINED> instruction: 0x665f0074
 314:	6c656572 	cfstr64vs	mvdx6, [r5], #-456	; 0xfffffe38
 318:	00747369 	rsbseq	r7, r4, r9, ror #6
 31c:	6f727265 	svcvs	0x00727265
 320:	775f0072 			; <UNDEFINED> instruction: 0x775f0072
 324:	6d6f7463 	cfstrdvs	mvd7, [pc, #-396]!	; 1a0 <startup-0x1ffffe60>
 328:	74735f62 	ldrbtvc	r5, [r3], #-3938	; 0xfffff09e
 32c:	00657461 	rsbeq	r7, r5, r1, ror #8
 330:	69736e75 	ldmdbvs	r3!, {r0, r2, r4, r5, r6, r9, sl, fp, sp, lr}^
 334:	64656e67 	strbtvs	r6, [r5], #-3687	; 0xfffff199
 338:	61686320 	cmnvs	r8, r0, lsr #6
 33c:	6e5f0072 	mrcvs	0, 2, r0, cr15, cr2, {3}
 340:	5f007765 	svcpl	0x00007765
 344:	72655f68 	rsbvc	r5, r5, #104, 30	; 0x1a0
 348:	006f6e72 	rsbeq	r6, pc, r2, ror lr	; <UNPREDICTABLE>
 34c:	726f6873 	rsbvc	r6, pc, #7536640	; 0x730000
 350:	6e692074 	mcrvs	0, 3, r2, cr9, cr4, {3}
 354:	5f5f0074 	svcpl	0x005f0074
 358:	795f6d74 	ldmdbvc	pc, {r2, r4, r5, r6, r8, sl, fp, sp, lr}^	; <UNPREDICTABLE>
 35c:	00796164 	rsbseq	r6, r9, r4, ror #2
 360:	62735f5f 	rsbsvs	r5, r3, #380	; 0x17c
 364:	5f006675 	svcpl	0x00006675
 368:	73626f69 	cmnvc	r2, #420	; 0x1a4
 36c:	61726700 	cmnvs	r2, r0, lsl #14
 370:	63696870 	cmnvs	r9, #112, 16	; 0x700000
 374:	656c635f 	strbvs	r6, [ip, #-863]!	; 0xfffffca1
 378:	735f7261 	cmpvc	pc, #268435462	; 0x10000006
 37c:	65657263 	strbvs	r7, [r5, #-611]!	; 0xfffffd9d
 380:	5f5f006e 	svcpl	0x005f006e
 384:	454c4946 	strbmi	r4, [ip, #-2374]	; 0xfffff6ba
 388:	626d5f00 	rsbvs	r5, sp, #0, 30
 38c:	74617473 	strbtvc	r7, [r1], #-1139	; 0xfffffb8d
 390:	00745f65 	rsbseq	r5, r4, r5, ror #30
 394:	46735f5f 	uhsaxmi	r5, r3, pc	; <UNPREDICTABLE>
 398:	00454c49 	subeq	r4, r5, r9, asr #24
 39c:	73626d5f 	cmnvc	r2, #6080	; 0x17c0
 3a0:	65746174 	ldrbvs	r6, [r4, #-372]!	; 0xfffffe8c
 3a4:	61725f00 	cmnvs	r2, r0, lsl #30
 3a8:	6e5f646e 	cdpvs	4, 5, cr6, cr15, cr14, {3}
 3ac:	00747865 	rsbseq	r7, r4, r5, ror #16
 3b0:	6c626d5f 	stclvs	13, cr6, [r2], #-380	; 0xfffffe84
 3b4:	735f6e65 	cmpvc	pc, #1616	; 0x650
 3b8:	65746174 	ldrbvs	r6, [r4, #-372]!	; 0xfffffe8c
 3bc:	6e695f00 	cdpvs	15, 6, cr5, cr9, cr0, {0}
 3c0:	695f0063 	ldmdbvs	pc, {r0, r1, r5, r6}^	; <UNPREDICTABLE>
 3c4:	5f00646e 	svcpl	0x0000646e
 3c8:	61636f6c 	cmnvs	r3, ip, ror #30
 3cc:	5f00656c 	svcpl	0x0000656c
 3d0:	656c635f 	strbvs	r6, [ip, #-863]!	; 0xfffffca1
 3d4:	70756e61 	rsbsvc	r6, r5, r1, ror #28
 3d8:	6e755f00 	cdpvs	15, 7, cr5, cr5, cr0, {0}
 3dc:	63657073 	cmnvs	r5, #115, 0	; 0x73
 3e0:	65696669 	strbvs	r6, [r9, #-1641]!	; 0xfffff997
 3e4:	6f6c5f64 	svcvs	0x006c5f64
 3e8:	656c6163 	strbvs	r6, [ip, #-355]!	; 0xfffffe9d
 3ec:	666e695f 			; <UNDEFINED> instruction: 0x666e695f
 3f0:	6d5f006f 	ldclvs	0, cr0, [pc, #-444]	; 23c <startup-0x1ffffdc4>
 3f4:	64777861 	ldrbtvs	r7, [r7], #-2145	; 0xfffff79f
 3f8:	725f0073 	subsvc	r0, pc, #115, 0	; 0x73
 3fc:	746e6565 	strbtvc	r6, [lr], #-1381	; 0xfffffa9b
 400:	65735f00 	ldrbvs	r5, [r3, #-3840]!	; 0xfffff100
 404:	5f006465 	svcpl	0x00006465
 408:	756f635f 	strbvc	r6, [pc, #-863]!	; b1 <startup-0x1fffff4f>
 40c:	5f00746e 	svcpl	0x0000746e
 410:	636f6c5f 	cmnvs	pc, #24320	; 0x5f00
 414:	5f5f006b 	svcpl	0x005f006b
 418:	756c6176 	strbvc	r6, [ip, #-374]!	; 0xfffffe8a
 41c:	735f0065 	cmpvc	pc, #101, 0	; 0x65
 420:	006b6565 	rsbeq	r6, fp, r5, ror #10
 424:	6f70665f 	svcvs	0x0070665f
 428:	00745f73 	rsbseq	r5, r4, r3, ror pc
 42c:	6d745f5f 	ldclvs	15, cr5, [r4, #-380]!	; 0xfffffe84
 430:	6e696d5f 	mcrvs	13, 3, r6, cr9, cr15, {2}
 434:	61747300 	cmnvs	r4, r0, lsl #6
 438:	70757472 	rsbsvc	r7, r5, r2, ror r4
 43c:	696e6900 	stmdbvs	lr!, {r8, fp, sp, lr}^
 440:	70615f74 	rsbvc	r5, r1, r4, ror pc
 444:	6d5f0070 	ldclvs	0, cr0, [pc, #-448]	; 28c <startup-0x1ffffd74>
 448:	00746c75 	rsbseq	r6, r4, r5, ror ip
 44c:	7274735f 	rsbsvc	r7, r4, #2080374785	; 0x7c000001
 450:	5f6b6f74 	svcpl	0x006b6f74
 454:	7473616c 	ldrbtvc	r6, [r3], #-364	; 0xfffffe94
 458:	6e665f00 	cdpvs	15, 6, cr5, cr6, cr0, {0}
 45c:	65707974 	ldrbvs	r7, [r0, #-2420]!	; 0xfffff68c
 460:	615f0073 	cmpvs	pc, r3, ror r0	; <UNPREDICTABLE>
 464:	5f006464 	svcpl	0x00006464
 468:	6f4c555f 	svcvs	0x004c555f
 46c:	5f00676e 	svcpl	0x0000676e
 470:	64746567 	ldrbtvs	r6, [r4], #-1383	; 0xfffffa99
 474:	5f657461 	svcpl	0x00657461
 478:	00727265 	rsbseq	r7, r2, r5, ror #4
 47c:	6f6c675f 	svcvs	0x006c675f
 480:	5f6c6162 	svcpl	0x006c6162
 484:	75706d69 	ldrbvc	r6, [r0, #-3433]!	; 0xfffff297
 488:	705f6572 	subsvc	r6, pc, r2, ror r5	; <UNPREDICTABLE>
 48c:	5f007274 	svcpl	0x00007274
 490:	73756e75 	cmnvc	r5, #1872	; 0x750
 494:	725f6465 	subsvc	r6, pc, #1694498816	; 0x65000000
 498:	00646e61 	rsbeq	r6, r4, r1, ror #28
 49c:	7364775f 	cmnvc	r4, #24903680	; 0x17c0000
 4a0:	745f5f00 	ldrbvc	r5, [pc], #-3840	; 4a8 <startup-0x1ffffb58>
 4a4:	64775f6d 	ldrbtvs	r5, [r7], #-3949	; 0xfffff093
 4a8:	5f007961 	svcpl	0x00007961
 4ac:	65756c67 	ldrbvs	r6, [r5, #-3175]!	; 0xfffff399
 4b0:	554e4700 	strbpl	r4, [lr, #-1792]	; 0xfffff900
 4b4:	39394320 	ldmdbcc	r9!, {r5, r8, r9, lr}
 4b8:	322e3920 	eorcc	r3, lr, #32, 18	; 0x80000
 4bc:	3220312e 	eorcc	r3, r0, #-2147483637	; 0x8000000b
 4c0:	31393130 	teqcc	r9, r0, lsr r1
 4c4:	20353230 	eorscs	r3, r5, r0, lsr r2
 4c8:	6c657228 	sfmvs	f7, 2, [r5], #-160	; 0xffffff60
 4cc:	65736165 	ldrbvs	r6, [r3, #-357]!	; 0xfffffe9b
 4d0:	415b2029 	cmpmi	fp, r9, lsr #32
 4d4:	612f4d52 			; <UNDEFINED> instruction: 0x612f4d52
 4d8:	392d6d72 	pushcc	{r1, r4, r5, r6, r8, sl, fp, sp, lr}
 4dc:	6172622d 	cmnvs	r2, sp, lsr #4
 4e0:	2068636e 	rsbcs	r6, r8, lr, ror #6
 4e4:	69766572 	ldmdbvs	r6!, {r1, r4, r5, r6, r8, sl, sp, lr}^
 4e8:	6e6f6973 			; <UNDEFINED> instruction: 0x6e6f6973
 4ec:	37373220 	ldrcc	r3, [r7, -r0, lsr #4]!
 4f0:	5d393935 			; <UNDEFINED> instruction: 0x5d393935
 4f4:	746d2d20 	strbtvc	r2, [sp], #-3360	; 0xfffff2e0
 4f8:	626d7568 	rsbvs	r7, sp, #104, 10	; 0x1a000000
 4fc:	666d2d20 	strbtvs	r2, [sp], -r0, lsr #26
 500:	74616f6c 	strbtvc	r6, [r1], #-3948	; 0xfffff094
 504:	6962612d 	stmdbvs	r2!, {r0, r2, r3, r5, r8, sp, lr}^
 508:	666f733d 			; <UNDEFINED> instruction: 0x666f733d
 50c:	6d2d2074 	stcvs	0, cr2, [sp, #-464]!	; 0xfffffe30
 510:	68637261 	stmdavs	r3!, {r0, r5, r6, r9, ip, sp, lr}^
 514:	6d72613d 	ldfvse	f6, [r2, #-244]!	; 0xffffff0c
 518:	6d2d3676 	stcvs	6, cr3, [sp, #-472]!	; 0xfffffe28
 51c:	20672d20 	rsbcs	r2, r7, r0, lsr #26
 520:	20304f2d 	eorscs	r4, r0, sp, lsr #30
 524:	6474732d 	ldrbtvs	r7, [r4], #-813	; 0xfffffcd3
 528:	3939633d 	ldmdbcc	r9!, {r0, r2, r3, r4, r5, r8, r9, sp, lr}
 52c:	366c5f00 	strbtcc	r5, [ip], -r0, lsl #30
 530:	625f6134 	subsvs	r6, pc, #13
 534:	5f006675 	svcpl	0x00006675
 538:	5f676973 	svcpl	0x00676973
 53c:	636e7566 	cmnvs	lr, #427819008	; 0x19800000
 540:	626e5f00 	rsbvs	r5, lr, #0, 30
 544:	5f006675 	svcpl	0x00006675
 548:	73756e75 	cmnvc	r5, #1872	; 0x750
 54c:	5f006465 	svcpl	0x00006465
 550:	5f6d745f 	svcpl	0x006d745f
 554:	73647369 	cmnvc	r4, #-1543503871	; 0xa4000001
 558:	6c5f0074 	mrrcvs	0, 7, r0, pc, cr4	; <UNPREDICTABLE>
 55c:	6c61636f 	stclvs	3, cr6, [r1], #-444	; 0xfffffe44
 560:	656d6974 	strbvs	r6, [sp, #-2420]!	; 0xfffff68c
 564:	6675625f 			; <UNDEFINED> instruction: 0x6675625f
 568:	6c635f00 	stclvs	15, cr5, [r3], #-0
 56c:	0065736f 	rsbeq	r7, r5, pc, ror #6
 570:	6573552f 	ldrbvs	r5, [r3, #-1327]!	; 0xfffffad1
 574:	6a2f7372 	bvs	bdd344 <startup-0x1f422cbc>
 578:	626f6361 	rsbvs	r6, pc, #-2080374783	; 0x84000001
 57c:	67726562 	ldrbvs	r6, [r2, -r2, ror #10]!
 580:	6b6c6166 	blvs	1b18b20 <startup-0x1e4e74e0>
 584:	7365442f 	cmnvc	r5, #788529152	; 0x2f000000
 588:	706f746b 	rsbvc	r7, pc, fp, ror #8
 58c:	702d432f 	eorvc	r4, sp, pc, lsr #6
 590:	72676f72 	rsbvc	r6, r7, #456	; 0x1c8
 594:	656d6d61 	strbvs	r6, [sp, #-3425]!	; 0xfffff29f
 598:	676e6972 			; <UNDEFINED> instruction: 0x676e6972
 59c:	706f6d2f 	rsbvc	r6, pc, pc, lsr #26
 5a0:	6f62616c 	svcvs	0x0062616c
 5a4:	69746172 	ldmdbvs	r4!, {r1, r4, r5, r6, r8, sp, lr}^
 5a8:	72656e6f 	rsbvc	r6, r5, #1776	; 0x6f0
 5ac:	6172672f 	cmnvs	r2, pc, lsr #14
 5b0:	63696870 	cmnvs	r9, #112, 16	; 0x700000
 5b4:	70736964 	rsbsvc	r6, r3, r4, ror #18
 5b8:	2f79616c 	svccs	0x0079616c
 5bc:	72617473 	rsbvc	r7, r1, #1929379840	; 0x73000000
 5c0:	2e707574 	mrccs	5, 3, r7, cr0, cr4, {3}
 5c4:	6d5f0063 	ldclvs	0, cr0, [pc, #-396]	; 440 <startup-0x1ffffbc0>
 5c8:	776f7462 	strbvc	r7, [pc, -r2, ror #8]!
 5cc:	74735f63 	ldrbtvc	r5, [r3], #-3939	; 0xfffff09d
 5d0:	00657461 	rsbeq	r7, r5, r1, ror #8
 5d4:	7335705f 	teqvc	r5, #95, 0	; 0x5f
 5d8:	69616d00 	stmdbvs	r1!, {r8, sl, fp, sp, lr}^
 5dc:	4c50006e 	mrrcmi	0, 6, r0, r0, cr14	; <UNPREDICTABLE>
 5e0:	00454e49 	subeq	r4, r5, r9, asr #28
 5e4:	746c6564 	strbtvc	r6, [ip], #-1380	; 0xfffffa9c
 5e8:	64007861 	strvs	r7, [r0], #-2145	; 0xfffff79f
 5ec:	79616c65 	stmdbvc	r1!, {r0, r2, r5, r6, sl, fp, sp, lr}^
 5f0:	6c696d5f 	stclvs	13, cr6, [r9], #-380	; 0xfffffe84
 5f4:	5f00696c 	svcpl	0x0000696c
 5f8:	5f6d745f 	svcpl	0x006d745f
 5fc:	7961646d 	stmdbvc	r1!, {r0, r2, r3, r5, r6, sl, sp, lr}^
	...

Disassembly of section .comment:

00000000 <.comment>:
   0:	3a434347 	bcc	10d0d24 <startup-0x1ef2f2dc>
   4:	4e472820 	cdpmi	8, 4, cr2, cr7, cr0, {1}
   8:	6f542055 	svcvs	0x00542055
   c:	20736c6f 	rsbscs	r6, r3, pc, ror #24
  10:	20726f66 	rsbscs	r6, r2, r6, ror #30
  14:	206d7241 	rsbcs	r7, sp, r1, asr #4
  18:	65626d45 	strbvs	r6, [r2, #-3397]!	; 0xfffff2bb
  1c:	64656464 	strbtvs	r6, [r5], #-1124	; 0xfffffb9c
  20:	6f725020 	svcvs	0x00725020
  24:	73736563 	cmnvc	r3, #415236096	; 0x18c00000
  28:	2073726f 	rsbscs	r7, r3, pc, ror #4
  2c:	30322d39 	eorscc	r2, r2, r9, lsr sp
  30:	712d3931 			; <UNDEFINED> instruction: 0x712d3931
  34:	616d2d34 	cmnvs	sp, r4, lsr sp
  38:	29726f6a 	ldmdbcs	r2!, {r1, r3, r5, r6, r8, r9, sl, fp, sp, lr}^
  3c:	322e3920 	eorcc	r3, lr, #32, 18	; 0x80000
  40:	3220312e 	eorcc	r3, r0, #-2147483637	; 0x8000000b
  44:	31393130 	teqcc	r9, r0, lsr r1
  48:	20353230 	eorscs	r3, r5, r0, lsr r2
  4c:	6c657228 	sfmvs	f7, 2, [r5], #-160	; 0xffffff60
  50:	65736165 	ldrbvs	r6, [r3, #-357]!	; 0xfffffe9b
  54:	415b2029 	cmpmi	fp, r9, lsr #32
  58:	612f4d52 			; <UNDEFINED> instruction: 0x612f4d52
  5c:	392d6d72 	pushcc	{r1, r4, r5, r6, r8, sl, fp, sp, lr}
  60:	6172622d 	cmnvs	r2, sp, lsr #4
  64:	2068636e 	rsbcs	r6, r8, lr, ror #6
  68:	69766572 	ldmdbvs	r6!, {r1, r4, r5, r6, r8, sl, sp, lr}^
  6c:	6e6f6973 			; <UNDEFINED> instruction: 0x6e6f6973
  70:	37373220 	ldrcc	r3, [r7, -r0, lsr #4]!
  74:	5d393935 			; <UNDEFINED> instruction: 0x5d393935
	...

Disassembly of section .ARM.attributes:

00000000 <.ARM.attributes>:
   0:	00002b41 	andeq	r2, r0, r1, asr #22
   4:	61656100 	cmnvs	r5, r0, lsl #2
   8:	01006962 	tsteq	r0, r2, ror #18
   c:	00000021 	andeq	r0, r0, r1, lsr #32
  10:	2d533605 	ldclcs	6, cr3, [r3, #-20]	; 0xffffffec
  14:	0c06004d 	stceq	0, cr0, [r6], {77}	; 0x4d
  18:	01094d07 	tsteq	r9, r7, lsl #26
  1c:	01140412 	tsteq	r4, r2, lsl r4
  20:	03170115 	tsteq	r7, #1073741829	; 0x40000005
  24:	01190118 	tsteq	r9, r8, lsl r1
  28:	061e011a 			; <UNDEFINED> instruction: 0x061e011a

Disassembly of section .debug_frame:

00000000 <.debug_frame>:
   0:	0000000c 	andeq	r0, r0, ip
   4:	ffffffff 			; <UNDEFINED> instruction: 0xffffffff
   8:	7c020001 	stcvc	0, cr0, [r2], {1}
   c:	000d0c0e 	andeq	r0, sp, lr, lsl #24
  10:	0000000c 	andeq	r0, r0, ip
  14:	00000000 	andeq	r0, r0, r0
  18:	20000000 	andcs	r0, r0, r0
  1c:	0000000c 	andeq	r0, r0, ip
  20:	0000000c 	andeq	r0, r0, ip
  24:	00000000 	andeq	r0, r0, r0
  28:	20000010 	andcs	r0, r0, r0, lsl r0
  2c:	00000006 	andeq	r0, r0, r6
  30:	0000000c 	andeq	r0, r0, ip
  34:	00000000 	andeq	r0, r0, r0
  38:	20000016 	andcs	r0, r0, r6, lsl r0
  3c:	00000006 	andeq	r0, r0, r6
  40:	0000000c 	andeq	r0, r0, ip
  44:	00000000 	andeq	r0, r0, r0
  48:	2000001c 	andcs	r0, r0, ip, lsl r0
  4c:	00000006 	andeq	r0, r0, r6
  50:	0000000c 	andeq	r0, r0, ip
  54:	00000000 	andeq	r0, r0, r0
  58:	20000022 	andcs	r0, r0, r2, lsr #32
  5c:	00000006 	andeq	r0, r0, r6
  60:	00000018 	andeq	r0, r0, r8, lsl r0
  64:	00000000 	andeq	r0, r0, r0
  68:	20000028 	andcs	r0, r0, r8, lsr #32
  6c:	00000024 	andeq	r0, r0, r4, lsr #32
  70:	87080e41 	strhi	r0, [r8, -r1, asr #28]
  74:	41018e02 	tstmi	r1, r2, lsl #28
  78:	0000070d 	andeq	r0, r0, sp, lsl #14
  7c:	0000001c 	andeq	r0, r0, ip, lsl r0
  80:	00000000 	andeq	r0, r0, r0
  84:	2000004c 	andcs	r0, r0, ip, asr #32
  88:	00000092 	muleq	r0, r2, r0
  8c:	87080e41 	strhi	r0, [r8, -r1, asr #28]
  90:	41018e02 	tstmi	r1, r2, lsl #28
  94:	0d41100e 	stcleq	0, cr1, [r1, #-56]	; 0xffffffc8
  98:	00000007 	andeq	r0, r0, r7
  9c:	0000001c 	andeq	r0, r0, ip, lsl r0
  a0:	00000000 	andeq	r0, r0, r0
  a4:	200000de 	ldrdcs	r0, [r0], -lr
  a8:	00000120 	andeq	r0, r0, r0, lsr #2
  ac:	87080e41 	strhi	r0, [r8, -r1, asr #28]
  b0:	41018e02 	tstmi	r1, r2, lsl #28
  b4:	0d41300e 	stcleq	0, cr3, [r1, #-56]	; 0xffffffc8
  b8:	00000007 	andeq	r0, r0, r7
  bc:	0000001c 	andeq	r0, r0, ip, lsl r0
  c0:	00000000 	andeq	r0, r0, r0
  c4:	200001fe 	strdcs	r0, [r0], -lr
  c8:	0000001e 	andeq	r0, r0, lr, lsl r0
  cc:	87080e41 	strhi	r0, [r8, -r1, asr #28]
  d0:	41018e02 	tstmi	r1, r2, lsl #28
  d4:	0d41180e 	stcleq	8, cr1, [r1, #-56]	; 0xffffffc8
  d8:	00000007 	andeq	r0, r0, r7
  dc:	00000018 	andeq	r0, r0, r8, lsl r0
  e0:	00000000 	andeq	r0, r0, r0
  e4:	2000021c 	andcs	r0, r0, ip, lsl r2
  e8:	00000044 	andeq	r0, r0, r4, asr #32
  ec:	87080e41 	strhi	r0, [r8, -r1, asr #28]
  f0:	41018e02 	tstmi	r1, r2, lsl #28
  f4:	0000070d 	andeq	r0, r0, sp, lsl #14
  f8:	0000001c 	andeq	r0, r0, ip, lsl r0
  fc:	00000000 	andeq	r0, r0, r0
 100:	20000260 	andcs	r0, r0, r0, ror #4
 104:	00000056 	andeq	r0, r0, r6, asr r0
 108:	87080e41 	strhi	r0, [r8, -r1, asr #28]
 10c:	41018e02 	tstmi	r1, r2, lsl #28
 110:	0d41100e 	stcleq	0, cr1, [r1, #-56]	; 0xffffffc8
 114:	00000007 	andeq	r0, r0, r7
 118:	0000001c 	andeq	r0, r0, ip, lsl r0
 11c:	00000000 	andeq	r0, r0, r0
 120:	200002b6 			; <UNDEFINED> instruction: 0x200002b6
 124:	00000030 	andeq	r0, r0, r0, lsr r0
 128:	87080e41 	strhi	r0, [r8, -r1, asr #28]
 12c:	41018e02 	tstmi	r1, r2, lsl #28
 130:	0d41100e 	stcleq	0, cr1, [r1, #-56]	; 0xffffffc8
 134:	00000007 	andeq	r0, r0, r7
 138:	0000000c 	andeq	r0, r0, ip
 13c:	ffffffff 			; <UNDEFINED> instruction: 0xffffffff
 140:	7c010001 	stcvc	0, cr0, [r1], {1}
 144:	000d0c0e 	andeq	r0, sp, lr, lsl #24
 148:	0000000c 	andeq	r0, r0, ip
 14c:	00000138 	andeq	r0, r0, r8, lsr r1
 150:	200002e9 	andcs	r0, r0, r9, ror #5
 154:	0000010a 	andeq	r0, r0, sl, lsl #2
